Analysis & Synthesis report for SAD_v1
Thu May 09 09:26:11 2024
Quartus II 64-Bit Version 13.1.0 Build 162 10/23/2013 SJ Web Edition


---------------------
; Table of Contents ;
---------------------
  1. Legal Notice
  2. Analysis & Synthesis Summary
  3. Analysis & Synthesis Settings
  4. Parallel Compilation
  5. Analysis & Synthesis Messages



----------------
; Legal Notice ;
----------------
Copyright (C) 1991-2013 Altera Corporation
Your use of Altera Corporation's design tools, logic functions 
and other software and tools, and its AMPP partner logic 
functions, and any output files from any of the foregoing 
(including device programming or simulation files), and any 
associated documentation or information are expressly subject 
to the terms and conditions of the Altera Program License 
Subscription Agreement, Altera MegaCore Function License 
Agreement, or other applicable license agreement, including, 
without limitation, that your use is for the sole purpose of 
programming logic devices manufactured by Altera and sold by 
Altera or its authorized distributors.  Please refer to the 
applicable agreement for further details.



+---------------------------------------------------------------------------------+
; Analysis & Synthesis Summary                                                    ;
+------------------------------------+--------------------------------------------+
; Analysis & Synthesis Status        ; Failed - Thu May 09 09:26:11 2024          ;
; Quartus II 64-Bit Version          ; 13.1.0 Build 162 10/23/2013 SJ Web Edition ;
; Revision Name                      ; SAD_v1                                     ;
; Top-level Entity Name              ; subtrator1bit                              ;
; Family                             ; Cyclone III                                ;
; Total logic elements               ; N/A until Partition Merge                  ;
;     Total combinational functions  ; N/A until Partition Merge                  ;
;     Dedicated logic registers      ; N/A until Partition Merge                  ;
; Total registers                    ; N/A until Partition Merge                  ;
; Total pins                         ; N/A until Partition Merge                  ;
; Total virtual pins                 ; N/A until Partition Merge                  ;
; Total memory bits                  ; N/A until Partition Merge                  ;
; Embedded Multiplier 9-bit elements ; N/A until Partition Merge                  ;
; Total PLLs                         ; N/A until Partition Merge                  ;
+------------------------------------+--------------------------------------------+


+----------------------------------------------------------------------------------------------------------------------+
; Analysis & Synthesis Settings                                                                                        ;
+----------------------------------------------------------------------------+--------------------+--------------------+
; Option                                                                     ; Setting            ; Default Value      ;
+----------------------------------------------------------------------------+--------------------+--------------------+
; Device                                                                     ; EP3C5E144C7        ;                    ;
; Top-level entity name                                                      ; subtrator1bit      ; SAD_v1             ;
; Family name                                                                ; Cyclone III        ; Cyclone IV GX      ;
; Use smart compilation                                                      ; Off                ; Off                ;
; Enable parallel Assembler and TimeQuest Timing Analyzer during compilation ; On                 ; On                 ;
; Enable compact report table                                                ; Off                ; Off                ;
; Restructure Multiplexers                                                   ; Auto               ; Auto               ;
; Create Debugging Nodes for IP Cores                                        ; Off                ; Off                ;
; Preserve fewer node names                                                  ; On                 ; On                 ;
; Disable OpenCore Plus hardware evaluation                                  ; Off                ; Off                ;
; Verilog Version                                                            ; Verilog_2001       ; Verilog_2001       ;
; VHDL Version                                                               ; VHDL_1993          ; VHDL_1993          ;
; State Machine Processing                                                   ; Auto               ; Auto               ;
; Safe State Machine                                                         ; Off                ; Off                ;
; Extract Verilog State Machines                                             ; On                 ; On                 ;
; Extract VHDL State Machines                                                ; On                 ; On                 ;
; Ignore Verilog initial constructs                                          ; Off                ; Off                ;
; Iteration limit for constant Verilog loops                                 ; 5000               ; 5000               ;
; Iteration limit for non-constant Verilog loops                             ; 250                ; 250                ;
; Add Pass-Through Logic to Inferred RAMs                                    ; On                 ; On                 ;
; Infer RAMs from Raw Logic                                                  ; On                 ; On                 ;
; Parallel Synthesis                                                         ; On                 ; On                 ;
; DSP Block Balancing                                                        ; Auto               ; Auto               ;
; NOT Gate Push-Back                                                         ; On                 ; On                 ;
; Power-Up Don't Care                                                        ; On                 ; On                 ;
; Remove Redundant Logic Cells                                               ; Off                ; Off                ;
; Remove Duplicate Registers                                                 ; On                 ; On                 ;
; Ignore CARRY Buffers                                                       ; Off                ; Off                ;
; Ignore CASCADE Buffers                                                     ; Off                ; Off                ;
; Ignore GLOBAL Buffers                                                      ; Off                ; Off                ;
; Ignore ROW GLOBAL Buffers                                                  ; Off                ; Off                ;
; Ignore LCELL Buffers                                                       ; Off                ; Off                ;
; Ignore SOFT Buffers                                                        ; On                 ; On                 ;
; Limit AHDL Integers to 32 Bits                                             ; Off                ; Off                ;
; Optimization Technique                                                     ; Balanced           ; Balanced           ;
; Carry Chain Length                                                         ; 70                 ; 70                 ;
; Auto Carry Chains                                                          ; On                 ; On                 ;
; Auto Open-Drain Pins                                                       ; On                 ; On                 ;
; Perform WYSIWYG Primitive Resynthesis                                      ; Off                ; Off                ;
; Auto ROM Replacement                                                       ; On                 ; On                 ;
; Auto RAM Replacement                                                       ; On                 ; On                 ;
; Auto DSP Block Replacement                                                 ; On                 ; On                 ;
; Auto Shift Register Replacement                                            ; Auto               ; Auto               ;
; Allow Shift Register Merging across Hierarchies                            ; Auto               ; Auto               ;
; Auto Clock Enable Replacement                                              ; On                 ; On                 ;
; Strict RAM Replacement                                                     ; Off                ; Off                ;
; Allow Synchronous Control Signals                                          ; On                 ; On                 ;
; Force Use of Synchronous Clear Signals                                     ; Off                ; Off                ;
; Auto RAM Block Balancing                                                   ; On                 ; On                 ;
; Auto RAM to Logic Cell Conversion                                          ; Off                ; Off                ;
; Auto Resource Sharing                                                      ; Off                ; Off                ;
; Allow Any RAM Size For Recognition                                         ; Off                ; Off                ;
; Allow Any ROM Size For Recognition                                         ; Off                ; Off                ;
; Allow Any Shift Register Size For Recognition                              ; Off                ; Off                ;
; Use LogicLock Constraints during Resource Balancing                        ; On                 ; On                 ;
; Ignore translate_off and synthesis_off directives                          ; Off                ; Off                ;
; Timing-Driven Synthesis                                                    ; On                 ; On                 ;
; Report Parameter Settings                                                  ; On                 ; On                 ;
; Report Source Assignments                                                  ; On                 ; On                 ;
; Report Connectivity Checks                                                 ; On                 ; On                 ;
; Ignore Maximum Fan-Out Assignments                                         ; Off                ; Off                ;
; Synchronization Register Chain Length                                      ; 2                  ; 2                  ;
; PowerPlay Power Optimization                                               ; Normal compilation ; Normal compilation ;
; HDL message level                                                          ; Level2             ; Level2             ;
; Suppress Register Optimization Related Messages                            ; Off                ; Off                ;
; Number of Removed Registers Reported in Synthesis Report                   ; 5000               ; 5000               ;
; Number of Swept Nodes Reported in Synthesis Report                         ; 5000               ; 5000               ;
; Number of Inverted Registers Reported in Synthesis Report                  ; 100                ; 100                ;
; Clock MUX Protection                                                       ; On                 ; On                 ;
; Auto Gated Clock Conversion                                                ; Off                ; Off                ;
; Block Design Naming                                                        ; Auto               ; Auto               ;
; SDC constraint protection                                                  ; Off                ; Off                ;
; Synthesis Effort                                                           ; Auto               ; Auto               ;
; Shift Register Replacement - Allow Asynchronous Clear Signal               ; On                 ; On                 ;
; Pre-Mapping Resynthesis Optimization                                       ; Off                ; Off                ;
; Analysis & Synthesis Message Level                                         ; Medium             ; Medium             ;
; Disable Register Merging Across Hierarchies                                ; Auto               ; Auto               ;
; Resource Aware Inference For Block RAM                                     ; On                 ; On                 ;
; Synthesis Seed                                                             ; 1                  ; 1                  ;
+----------------------------------------------------------------------------+--------------------+--------------------+


Parallel compilation was disabled, but you have multiple processors available. Enable parallel compilation to reduce compilation time.
+-------------------------------------+
; Parallel Compilation                ;
+----------------------------+--------+
; Processors                 ; Number ;
+----------------------------+--------+
; Number detected on machine ; 8      ;
; Maximum allowed            ; 1      ;
+----------------------------+--------+


+-------------------------------+
; Analysis & Synthesis Messages ;
+-------------------------------+
Info: *******************************************************************
Info: Running Quartus II 64-Bit Analysis & Synthesis
    Info: Version 13.1.0 Build 162 10/23/2013 SJ Web Edition
    Info: Processing started: Thu May 09 09:26:10 2024
Info: Command: quartus_map --read_settings_files=on --write_settings_files=off SAD_v1 -c SAD_v1
Warning (20028): Parallel compilation is not licensed and has been disabled
Error (10500): VHDL syntax error at SAD_v1.vhd(43) near text "pronto";  expecting "begin", or a declaration statement File: C:/Users/lucas/Documents/Sistemas Digitais/GIT/INE5406/sad-v1/SAD-Lucas/SAD_v1/SAD_v1.vhd Line: 43
Error (10500): VHDL syntax error at SAD_v1.vhd(44) near text § File: C:/Users/lucas/Documents/Sistemas Digitais/GIT/INE5406/sad-v1/SAD-Lucas/SAD_v1/SAD_v1.vhd Line: 44
Error (10500): VHDL syntax error at SAD_v1.vhd(45) near text { File: C:/Users/lucas/Documents/Sistemas Digitais/GIT/INE5406/sad-v1/SAD-Lucas/SAD_v1/SAD_v1.vhd Line: 45
Error (10500): VHDL syntax error at SAD_v1.vhd(47) near text € File: C:/Users/lucas/Documents/Sistemas Digitais/GIT/INE5406/sad-v1/SAD-Lucas/SAD_v1/SAD_v1.vhd Line: 47
Error (10500): VHDL syntax error at SAD_v1.vhd(47) near text “ File: C:/Users/lucas/Documents/Sistemas Digitais/GIT/INE5406/sad-v1/SAD-Lucas/SAD_v1/SAD_v1.vhd Line: 47
Error (10500): VHDL syntax error at SAD_v1.vhd(48) near text } File: C:/Users/lucas/Documents/Sistemas Digitais/GIT/INE5406/sad-v1/SAD-Lucas/SAD_v1/SAD_v1.vhd Line: 48
Error (10500): VHDL syntax error at SAD_v1.vhd(80) near text "BEGIN";  expecting "end", or "(", or an identifier ("begin" is a reserved keyword), or a sequential statement File: C:/Users/lucas/Documents/Sistemas Digitais/GIT/INE5406/sad-v1/SAD-Lucas/SAD_v1/SAD_v1.vhd Line: 80
Info (12021): Found 0 design units, including 0 entities, in source file sad_v1.vhd
Info (12021): Found 2 design units, including 1 entities, in source file somador_8bits.vhd
    Info (12022): Found design unit 1: somador_13bits-comportamento
    Info (12023): Found entity 1: somador13bits
Info (12021): Found 2 design units, including 1 entities, in source file somador1bit.vhd
    Info (12022): Found design unit 1: somador1bit-comportamento
    Info (12023): Found entity 1: somador1bit
Error (10500): VHDL syntax error at somador_13bits.vhd(8) near text ")";  expecting an identifier, or "constant", or "file", or "signal", or "variable" File: C:/Users/lucas/Documents/Sistemas Digitais/GIT/INE5406/sad-v1/SAD-Lucas/SAD_v1/somador_13bits.vhd Line: 8
Error (10500): VHDL syntax error at somador_13bits.vhd(13) near text "COMPONENT";  expecting an identifier ("component" is a reserved keyword), or "constant", or "file", or "signal", or "variable" File: C:/Users/lucas/Documents/Sistemas Digitais/GIT/INE5406/sad-v1/SAD-Lucas/SAD_v1/somador_13bits.vhd Line: 13
Error (10500): VHDL syntax error at somador_13bits.vhd(16) near text "COMPONENT";  expecting ";", or an identifier ("component" is a reserved keyword), or "entity" File: C:/Users/lucas/Documents/Sistemas Digitais/GIT/INE5406/sad-v1/SAD-Lucas/SAD_v1/somador_13bits.vhd Line: 16
Error (10500): VHDL syntax error at somador_13bits.vhd(30) near text "END";  expecting ";" File: C:/Users/lucas/Documents/Sistemas Digitais/GIT/INE5406/sad-v1/SAD-Lucas/SAD_v1/somador_13bits.vhd Line: 30
Error (10522): VHDL Syntax error at somador_13bits.vhd(30): experienced unexpected end-of-file  File: C:/Users/lucas/Documents/Sistemas Digitais/GIT/INE5406/sad-v1/SAD-Lucas/SAD_v1/somador_13bits.vhd Line: 30
Info (12021): Found 0 design units, including 0 entities, in source file somador_13bits.vhd
Error (10500): VHDL syntax error at subtrator1bit.vhd(9) near text ")";  expecting an identifier, or "constant", or "file", or "signal", or "variable" File: C:/Users/lucas/Documents/Sistemas Digitais/GIT/INE5406/sad-v1/SAD-Lucas/SAD_v1/subtrator1bit.vhd Line: 9
Error (10500): VHDL syntax error at subtrator1bit.vhd(15) near text "COMPONENT";  expecting an identifier ("component" is a reserved keyword), or "constant", or "file", or "signal", or "variable" File: C:/Users/lucas/Documents/Sistemas Digitais/GIT/INE5406/sad-v1/SAD-Lucas/SAD_v1/subtrator1bit.vhd Line: 15
Error (10500): VHDL syntax error at subtrator1bit.vhd(18) near text "COMPONENT";  expecting ";", or an identifier ("component" is a reserved keyword), or "entity" File: C:/Users/lucas/Documents/Sistemas Digitais/GIT/INE5406/sad-v1/SAD-Lucas/SAD_v1/subtrator1bit.vhd Line: 18
Error (10396): VHDL syntax error at subtrator1bit.vhd(20): name used in construct must match previously specified name "subtrator1bit" File: C:/Users/lucas/Documents/Sistemas Digitais/GIT/INE5406/sad-v1/SAD-Lucas/SAD_v1/subtrator1bit.vhd Line: 20
Error (10523): Ignored construct subtrator1bit at subtrator1bit.vhd(5) due to previous errors File: C:/Users/lucas/Documents/Sistemas Digitais/GIT/INE5406/sad-v1/SAD-Lucas/SAD_v1/subtrator1bit.vhd Line: 5
Error (10500): VHDL syntax error at subtrator1bit.vhd(21) near text "BEGIN";  expecting "entity", or "architecture", or "use", or "library", or "package", or "configuration" File: C:/Users/lucas/Documents/Sistemas Digitais/GIT/INE5406/sad-v1/SAD-Lucas/SAD_v1/subtrator1bit.vhd Line: 21
Info (12021): Found 0 design units, including 0 entities, in source file subtrator1bit.vhd
Error (10500): VHDL syntax error at abs.vhd(4) near text "abs";  expecting an identifier File: C:/Users/lucas/Documents/Sistemas Digitais/GIT/INE5406/sad-v1/SAD-Lucas/SAD_v1/abs.vhd Line: 4
Error (10500): VHDL syntax error at abs.vhd(6) near text ")"; mismatched closing parenthesis  File: C:/Users/lucas/Documents/Sistemas Digitais/GIT/INE5406/sad-v1/SAD-Lucas/SAD_v1/abs.vhd Line: 6
Error (10500): VHDL syntax error at abs.vhd(11) near text "abs";  expecting "end", or "(", or an identifier ("abs" is a reserved keyword), or a concurrent statement File: C:/Users/lucas/Documents/Sistemas Digitais/GIT/INE5406/sad-v1/SAD-Lucas/SAD_v1/abs.vhd Line: 11
Error (10500): VHDL syntax error at abs.vhd(12) near text "END";  expecting "<=" File: C:/Users/lucas/Documents/Sistemas Digitais/GIT/INE5406/sad-v1/SAD-Lucas/SAD_v1/abs.vhd Line: 12
Info (12021): Found 0 design units, including 0 entities, in source file abs.vhd
Error: Quartus II 64-Bit Analysis & Synthesis was unsuccessful. 22 errors, 1 warning
    Error: Peak virtual memory: 4648 megabytes
    Error: Processing ended: Thu May 09 09:26:11 2024
    Error: Elapsed time: 00:00:01
    Error: Total CPU time (on all processors): 00:00:01


