Analysis & Synthesis report for topo
Thu Jun 06 10:26:53 2024
Quartus II 64-Bit Version 13.1.0 Build 162 10/23/2013 SJ Web Edition


---------------------
; Table of Contents ;
---------------------
  1. Legal Notice
  2. Analysis & Synthesis Summary
  3. Analysis & Synthesis Settings
  4. Parallel Compilation
  5. Analysis & Synthesis Source Files Read
  6. Analysis & Synthesis Resource Usage Summary
  7. Analysis & Synthesis Resource Utilization by Entity
  8. State Machine - |sad|sad_bc:V2|EA
  9. General Register Statistics
 10. Parameter Settings for User Entity Instance: sad_bo:V1
 11. Parameter Settings for User Entity Instance: sad_bo:V1|registrador:pA
 12. Parameter Settings for User Entity Instance: sad_bo:V1|registrador:pB
 13. Parameter Settings for User Entity Instance: sad_bo:V1|subtratornbits:sub
 14. Parameter Settings for User Entity Instance: sad_bo:V1|abst:absto
 15. Parameter Settings for User Entity Instance: sad_bo:V1|somadornbits:som1
 16. Parameter Settings for User Entity Instance: sad_bo:V1|mux2para1:mux1
 17. Parameter Settings for User Entity Instance: sad_bo:V1|registrador:soma_reg
 18. Parameter Settings for User Entity Instance: sad_bo:V1|registrador:SAD_reg
 19. Parameter Settings for User Entity Instance: sad_bo:V1|mux2para1:mux2
 20. Parameter Settings for User Entity Instance: sad_bo:V1|registrador:regi
 21. Parameter Settings for User Entity Instance: sad_bo:V1|somadornbits:som2
 22. Parameter Settings for User Entity Instance: sad_bc:V2
 23. Port Connectivity Checks: "sad_bo:V1|somadornbits:som2"
 24. Port Connectivity Checks: "sad_bo:V1|mux2para1:mux2"
 25. Port Connectivity Checks: "sad_bo:V1|mux2para1:mux1"
 26. Port Connectivity Checks: "sad_bo:V1|somadornbits:som1"
 27. Port Connectivity Checks: "sad_bo:V1|subtratornbits:sub"
 28. Elapsed Time Per Partition
 29. Analysis & Synthesis Messages



----------------
; Legal Notice ;
----------------
Copyright (C) 1991-2013 Altera Corporation
Your use of Altera Corporation's design tools, logic functions 
and other software and tools, and its AMPP partner logic 
functions, and any output files from any of the foregoing 
(including device programming or simulation files), and any 
associated documentation or information are expressly subject 
to the terms and conditions of the Altera Program License 
Subscription Agreement, Altera MegaCore Function License 
Agreement, or other applicable license agreement, including, 
without limitation, that your use is for the sole purpose of 
programming logic devices manufactured by Altera and sold by 
Altera or its authorized distributors.  Please refer to the 
applicable agreement for further details.



+---------------------------------------------------------------------------------+
; Analysis & Synthesis Summary                                                    ;
+------------------------------------+--------------------------------------------+
; Analysis & Synthesis Status        ; Successful - Thu Jun 06 10:26:53 2024      ;
; Quartus II 64-Bit Version          ; 13.1.0 Build 162 10/23/2013 SJ Web Edition ;
; Revision Name                      ; topo                                       ;
; Top-level Entity Name              ; sad                                        ;
; Family                             ; Cyclone III                                ;
; Total logic elements               ; 76                                         ;
;     Total combinational functions  ; 45                                         ;
;     Dedicated logic registers      ; 57                                         ;
; Total registers                    ; 57                                         ;
; Total pins                         ; 41                                         ;
; Total virtual pins                 ; 0                                          ;
; Total memory bits                  ; 0                                          ;
; Embedded Multiplier 9-bit elements ; 0                                          ;
; Total PLLs                         ; 0                                          ;
+------------------------------------+--------------------------------------------+


+----------------------------------------------------------------------------------------------------------------------+
; Analysis & Synthesis Settings                                                                                        ;
+----------------------------------------------------------------------------+--------------------+--------------------+
; Option                                                                     ; Setting            ; Default Value      ;
+----------------------------------------------------------------------------+--------------------+--------------------+
; Device                                                                     ; EP3C5E144C7        ;                    ;
; Top-level entity name                                                      ; sad                ; topo               ;
; Family name                                                                ; Cyclone III        ; Cyclone IV GX      ;
; Use smart compilation                                                      ; Off                ; Off                ;
; Enable parallel Assembler and TimeQuest Timing Analyzer during compilation ; On                 ; On                 ;
; Enable compact report table                                                ; Off                ; Off                ;
; Restructure Multiplexers                                                   ; Auto               ; Auto               ;
; Create Debugging Nodes for IP Cores                                        ; Off                ; Off                ;
; Preserve fewer node names                                                  ; On                 ; On                 ;
; Disable OpenCore Plus hardware evaluation                                  ; Off                ; Off                ;
; Verilog Version                                                            ; Verilog_2001       ; Verilog_2001       ;
; VHDL Version                                                               ; VHDL_1993          ; VHDL_1993          ;
; State Machine Processing                                                   ; Auto               ; Auto               ;
; Safe State Machine                                                         ; Off                ; Off                ;
; Extract Verilog State Machines                                             ; On                 ; On                 ;
; Extract VHDL State Machines                                                ; On                 ; On                 ;
; Ignore Verilog initial constructs                                          ; Off                ; Off                ;
; Iteration limit for constant Verilog loops                                 ; 5000               ; 5000               ;
; Iteration limit for non-constant Verilog loops                             ; 250                ; 250                ;
; Add Pass-Through Logic to Inferred RAMs                                    ; On                 ; On                 ;
; Infer RAMs from Raw Logic                                                  ; On                 ; On                 ;
; Parallel Synthesis                                                         ; On                 ; On                 ;
; DSP Block Balancing                                                        ; Auto               ; Auto               ;
; NOT Gate Push-Back                                                         ; On                 ; On                 ;
; Power-Up Don't Care                                                        ; On                 ; On                 ;
; Remove Redundant Logic Cells                                               ; Off                ; Off                ;
; Remove Duplicate Registers                                                 ; On                 ; On                 ;
; Ignore CARRY Buffers                                                       ; Off                ; Off                ;
; Ignore CASCADE Buffers                                                     ; Off                ; Off                ;
; Ignore GLOBAL Buffers                                                      ; Off                ; Off                ;
; Ignore ROW GLOBAL Buffers                                                  ; Off                ; Off                ;
; Ignore LCELL Buffers                                                       ; Off                ; Off                ;
; Ignore SOFT Buffers                                                        ; On                 ; On                 ;
; Limit AHDL Integers to 32 Bits                                             ; Off                ; Off                ;
; Optimization Technique                                                     ; Balanced           ; Balanced           ;
; Carry Chain Length                                                         ; 70                 ; 70                 ;
; Auto Carry Chains                                                          ; On                 ; On                 ;
; Auto Open-Drain Pins                                                       ; On                 ; On                 ;
; Perform WYSIWYG Primitive Resynthesis                                      ; Off                ; Off                ;
; Auto ROM Replacement                                                       ; On                 ; On                 ;
; Auto RAM Replacement                                                       ; On                 ; On                 ;
; Auto DSP Block Replacement                                                 ; On                 ; On                 ;
; Auto Shift Register Replacement                                            ; Auto               ; Auto               ;
; Allow Shift Register Merging across Hierarchies                            ; Auto               ; Auto               ;
; Auto Clock Enable Replacement                                              ; On                 ; On                 ;
; Strict RAM Replacement                                                     ; Off                ; Off                ;
; Allow Synchronous Control Signals                                          ; On                 ; On                 ;
; Force Use of Synchronous Clear Signals                                     ; Off                ; Off                ;
; Auto RAM Block Balancing                                                   ; On                 ; On                 ;
; Auto RAM to Logic Cell Conversion                                          ; Off                ; Off                ;
; Auto Resource Sharing                                                      ; Off                ; Off                ;
; Allow Any RAM Size For Recognition                                         ; Off                ; Off                ;
; Allow Any ROM Size For Recognition                                         ; Off                ; Off                ;
; Allow Any Shift Register Size For Recognition                              ; Off                ; Off                ;
; Use LogicLock Constraints during Resource Balancing                        ; On                 ; On                 ;
; Ignore translate_off and synthesis_off directives                          ; Off                ; Off                ;
; Timing-Driven Synthesis                                                    ; On                 ; On                 ;
; Report Parameter Settings                                                  ; On                 ; On                 ;
; Report Source Assignments                                                  ; On                 ; On                 ;
; Report Connectivity Checks                                                 ; On                 ; On                 ;
; Ignore Maximum Fan-Out Assignments                                         ; Off                ; Off                ;
; Synchronization Register Chain Length                                      ; 2                  ; 2                  ;
; PowerPlay Power Optimization                                               ; Normal compilation ; Normal compilation ;
; HDL message level                                                          ; Level2             ; Level2             ;
; Suppress Register Optimization Related Messages                            ; Off                ; Off                ;
; Number of Removed Registers Reported in Synthesis Report                   ; 5000               ; 5000               ;
; Number of Swept Nodes Reported in Synthesis Report                         ; 5000               ; 5000               ;
; Number of Inverted Registers Reported in Synthesis Report                  ; 100                ; 100                ;
; Clock MUX Protection                                                       ; On                 ; On                 ;
; Auto Gated Clock Conversion                                                ; Off                ; Off                ;
; Block Design Naming                                                        ; Auto               ; Auto               ;
; SDC constraint protection                                                  ; Off                ; Off                ;
; Synthesis Effort                                                           ; Auto               ; Auto               ;
; Shift Register Replacement - Allow Asynchronous Clear Signal               ; On                 ; On                 ;
; Pre-Mapping Resynthesis Optimization                                       ; Off                ; Off                ;
; Analysis & Synthesis Message Level                                         ; Medium             ; Medium             ;
; Disable Register Merging Across Hierarchies                                ; Auto               ; Auto               ;
; Resource Aware Inference For Block RAM                                     ; On                 ; On                 ;
; Synthesis Seed                                                             ; 1                  ; 1                  ;
+----------------------------------------------------------------------------+--------------------+--------------------+


Parallel compilation was disabled, but you have multiple processors available. Enable parallel compilation to reduce compilation time.
+-------------------------------------+
; Parallel Compilation                ;
+----------------------------+--------+
; Processors                 ; Number ;
+----------------------------+--------+
; Number detected on machine ; 8      ;
; Maximum allowed            ; 1      ;
+----------------------------+--------+


+------------------------------------------------------------------------------------------------------------------------------------------------------------------------+
; Analysis & Synthesis Source Files Read                                                                                                                                 ;
+----------------------------------+-----------------+-----------------+---------------------------------------------------------------------------------------+---------+
; File Name with User-Entered Path ; Used in Netlist ; File Type       ; File Name with Absolute Path                                                          ; Library ;
+----------------------------------+-----------------+-----------------+---------------------------------------------------------------------------------------+---------+
; subtratornbits.vhd               ; yes             ; User VHDL File  ; C:/Users/lucas/Documents/Sistemas Digitais/GIT/INE5406Lucas/sad-v1/subtratornbits.vhd ;         ;
; somadornbits.vhd                 ; yes             ; User VHDL File  ; C:/Users/lucas/Documents/Sistemas Digitais/GIT/INE5406Lucas/sad-v1/somadornbits.vhd   ;         ;
; sad_bo.vhd                       ; yes             ; User VHDL File  ; C:/Users/lucas/Documents/Sistemas Digitais/GIT/INE5406Lucas/sad-v1/sad_bo.vhd         ;         ;
; sad_bc.vhd                       ; yes             ; User VHDL File  ; C:/Users/lucas/Documents/Sistemas Digitais/GIT/INE5406Lucas/sad-v1/sad_bc.vhd         ;         ;
; sad.vhd                          ; yes             ; User VHDL File  ; C:/Users/lucas/Documents/Sistemas Digitais/GIT/INE5406Lucas/sad-v1/sad.vhd            ;         ;
; registrador.vhd                  ; yes             ; User VHDL File  ; C:/Users/lucas/Documents/Sistemas Digitais/GIT/INE5406Lucas/sad-v1/registrador.vhd    ;         ;
; mux2para1.vhd                    ; yes             ; User VHDL File  ; C:/Users/lucas/Documents/Sistemas Digitais/GIT/INE5406Lucas/sad-v1/mux2para1.vhd      ;         ;
; abst.vhd                         ; yes             ; User VHDL File  ; C:/Users/lucas/Documents/Sistemas Digitais/GIT/INE5406Lucas/sad-v1/abst.vhd           ;         ;
+----------------------------------+-----------------+-----------------+---------------------------------------------------------------------------------------+---------+


+-----------------------------------------------------------+
; Analysis & Synthesis Resource Usage Summary               ;
+---------------------------------------------+-------------+
; Resource                                    ; Usage       ;
+---------------------------------------------+-------------+
; Estimated Total logic elements              ; 76          ;
;                                             ;             ;
; Total combinational functions               ; 45          ;
; Logic element usage by number of LUT inputs ;             ;
;     -- 4 input functions                    ; 0           ;
;     -- 3 input functions                    ; 26          ;
;     -- <=2 input functions                  ; 19          ;
;                                             ;             ;
; Logic elements by mode                      ;             ;
;     -- normal mode                          ; 10          ;
;     -- arithmetic mode                      ; 35          ;
;                                             ;             ;
; Total registers                             ; 57          ;
;     -- Dedicated logic registers            ; 57          ;
;     -- I/O registers                        ; 0           ;
;                                             ;             ;
; I/O pins                                    ; 41          ;
; Embedded Multiplier 9-bit elements          ; 0           ;
; Maximum fan-out node                        ; CLOCK~input ;
; Maximum fan-out                             ; 57          ;
; Total fan-out                               ; 364         ;
; Average fan-out                             ; 1.98        ;
+---------------------------------------------+-------------+


+-----------------------------------------------------------------------------------------------------------------------------------------------------------------------------------------------+
; Analysis & Synthesis Resource Utilization by Entity                                                                                                                                           ;
+------------------------------+-------------------+--------------+-------------+--------------+---------+-----------+------+--------------+-------------------------------------+--------------+
; Compilation Hierarchy Node   ; LC Combinationals ; LC Registers ; Memory Bits ; DSP Elements ; DSP 9x9 ; DSP 18x18 ; Pins ; Virtual Pins ; Full Hierarchy Name                 ; Library Name ;
+------------------------------+-------------------+--------------+-------------+--------------+---------+-----------+------+--------------+-------------------------------------+--------------+
; |sad                         ; 45 (0)            ; 57 (0)       ; 0           ; 0            ; 0       ; 0         ; 41   ; 0            ; |sad                                ; work         ;
;    |sad_bc:V2|               ; 5 (5)             ; 6 (6)        ; 0           ; 0            ; 0       ; 0         ; 0    ; 0            ; |sad|sad_bc:V2                      ; work         ;
;    |sad_bo:V1|               ; 40 (0)            ; 51 (0)       ; 0           ; 0            ; 0       ; 0         ; 0    ; 0            ; |sad|sad_bo:V1                      ; work         ;
;       |abst:absto|           ; 10 (10)           ; 0 (0)        ; 0           ; 0            ; 0       ; 0         ; 0    ; 0            ; |sad|sad_bo:V1|abst:absto           ; work         ;
;       |registrador:SAD_reg|  ; 0 (0)             ; 14 (14)      ; 0           ; 0            ; 0       ; 0         ; 0    ; 0            ; |sad|sad_bo:V1|registrador:SAD_reg  ; work         ;
;       |registrador:pA|       ; 0 (0)             ; 8 (8)        ; 0           ; 0            ; 0       ; 0         ; 0    ; 0            ; |sad|sad_bo:V1|registrador:pA       ; work         ;
;       |registrador:pB|       ; 0 (0)             ; 8 (8)        ; 0           ; 0            ; 0       ; 0         ; 0    ; 0            ; |sad|sad_bo:V1|registrador:pB       ; work         ;
;       |registrador:regi|     ; 7 (7)             ; 7 (7)        ; 0           ; 0            ; 0       ; 0         ; 0    ; 0            ; |sad|sad_bo:V1|registrador:regi     ; work         ;
;       |registrador:soma_reg| ; 14 (14)           ; 14 (14)      ; 0           ; 0            ; 0       ; 0         ; 0    ; 0            ; |sad|sad_bo:V1|registrador:soma_reg ; work         ;
;       |subtratornbits:sub|   ; 9 (9)             ; 0 (0)        ; 0           ; 0            ; 0       ; 0         ; 0    ; 0            ; |sad|sad_bo:V1|subtratornbits:sub   ; work         ;
+------------------------------+-------------------+--------------+-------------+--------------+---------+-----------+------+--------------+-------------------------------------+--------------+
Note: For table entries with two numbers listed, the numbers in parentheses indicate the number of resources of the given type used by the specific entity alone. The numbers listed outside of parentheses indicate the total resources of the given type used by the specific entity and all of its sub-entities in the hierarchy.


Encoding Type:  One-Hot
+-------------------------------------------------------+
; State Machine - |sad|sad_bc:V2|EA                     ;
+-------+-------+-------+-------+-------+-------+-------+
; Name  ; EA.S5 ; EA.S4 ; EA.S3 ; EA.S2 ; EA.S1 ; EA.S0 ;
+-------+-------+-------+-------+-------+-------+-------+
; EA.S0 ; 0     ; 0     ; 0     ; 0     ; 0     ; 0     ;
; EA.S1 ; 0     ; 0     ; 0     ; 0     ; 1     ; 1     ;
; EA.S2 ; 0     ; 0     ; 0     ; 1     ; 0     ; 1     ;
; EA.S3 ; 0     ; 0     ; 1     ; 0     ; 0     ; 1     ;
; EA.S4 ; 0     ; 1     ; 0     ; 0     ; 0     ; 1     ;
; EA.S5 ; 1     ; 0     ; 0     ; 0     ; 0     ; 1     ;
+-------+-------+-------+-------+-------+-------+-------+


+------------------------------------------------------+
; General Register Statistics                          ;
+----------------------------------------------+-------+
; Statistic                                    ; Value ;
+----------------------------------------------+-------+
; Total registers                              ; 57    ;
; Number of registers using Synchronous Clear  ; 21    ;
; Number of registers using Synchronous Load   ; 0     ;
; Number of registers using Asynchronous Clear ; 6     ;
; Number of registers using Asynchronous Load  ; 0     ;
; Number of registers using Clock Enable       ; 51    ;
; Number of registers using Preset             ; 0     ;
+----------------------------------------------+-------+


+--------------------------------------------------------+
; Parameter Settings for User Entity Instance: sad_bo:V1 ;
+----------------+-------+-------------------------------+
; Parameter Name ; Value ; Type                          ;
+----------------+-------+-------------------------------+
; X              ; 14    ; Signed Integer                ;
; N              ; 8     ; Signed Integer                ;
+----------------+-------+-------------------------------+
Note: In order to hide this table in the UI and the text report file, please set the "Show Parameter Settings in Synthesis Report" option in "Analysis and Synthesis Settings -> More Settings" to "Off".


+-----------------------------------------------------------------------+
; Parameter Settings for User Entity Instance: sad_bo:V1|registrador:pA ;
+----------------+-------+----------------------------------------------+
; Parameter Name ; Value ; Type                                         ;
+----------------+-------+----------------------------------------------+
; n              ; 8     ; Signed Integer                               ;
+----------------+-------+----------------------------------------------+
Note: In order to hide this table in the UI and the text report file, please set the "Show Parameter Settings in Synthesis Report" option in "Analysis and Synthesis Settings -> More Settings" to "Off".


+-----------------------------------------------------------------------+
; Parameter Settings for User Entity Instance: sad_bo:V1|registrador:pB ;
+----------------+-------+----------------------------------------------+
; Parameter Name ; Value ; Type                                         ;
+----------------+-------+----------------------------------------------+
; n              ; 8     ; Signed Integer                               ;
+----------------+-------+----------------------------------------------+
Note: In order to hide this table in the UI and the text report file, please set the "Show Parameter Settings in Synthesis Report" option in "Analysis and Synthesis Settings -> More Settings" to "Off".


+---------------------------------------------------------------------------+
; Parameter Settings for User Entity Instance: sad_bo:V1|subtratornbits:sub ;
+----------------+-------+--------------------------------------------------+
; Parameter Name ; Value ; Type                                             ;
+----------------+-------+--------------------------------------------------+
; n              ; 9     ; Signed Integer                                   ;
+----------------+-------+--------------------------------------------------+
Note: In order to hide this table in the UI and the text report file, please set the "Show Parameter Settings in Synthesis Report" option in "Analysis and Synthesis Settings -> More Settings" to "Off".


+-------------------------------------------------------------------+
; Parameter Settings for User Entity Instance: sad_bo:V1|abst:absto ;
+----------------+-------+------------------------------------------+
; Parameter Name ; Value ; Type                                     ;
+----------------+-------+------------------------------------------+
; n              ; 9     ; Signed Integer                           ;
+----------------+-------+------------------------------------------+
Note: In order to hide this table in the UI and the text report file, please set the "Show Parameter Settings in Synthesis Report" option in "Analysis and Synthesis Settings -> More Settings" to "Off".


+--------------------------------------------------------------------------+
; Parameter Settings for User Entity Instance: sad_bo:V1|somadornbits:som1 ;
+----------------+-------+-------------------------------------------------+
; Parameter Name ; Value ; Type                                            ;
+----------------+-------+-------------------------------------------------+
; n              ; 14    ; Signed Integer                                  ;
+----------------+-------+-------------------------------------------------+
Note: In order to hide this table in the UI and the text report file, please set the "Show Parameter Settings in Synthesis Report" option in "Analysis and Synthesis Settings -> More Settings" to "Off".


+-----------------------------------------------------------------------+
; Parameter Settings for User Entity Instance: sad_bo:V1|mux2para1:mux1 ;
+----------------+-------+----------------------------------------------+
; Parameter Name ; Value ; Type                                         ;
+----------------+-------+----------------------------------------------+
; n              ; 14    ; Signed Integer                               ;
+----------------+-------+----------------------------------------------+
Note: In order to hide this table in the UI and the text report file, please set the "Show Parameter Settings in Synthesis Report" option in "Analysis and Synthesis Settings -> More Settings" to "Off".


+-----------------------------------------------------------------------------+
; Parameter Settings for User Entity Instance: sad_bo:V1|registrador:soma_reg ;
+----------------+-------+----------------------------------------------------+
; Parameter Name ; Value ; Type                                               ;
+----------------+-------+----------------------------------------------------+
; n              ; 14    ; Signed Integer                                     ;
+----------------+-------+----------------------------------------------------+
Note: In order to hide this table in the UI and the text report file, please set the "Show Parameter Settings in Synthesis Report" option in "Analysis and Synthesis Settings -> More Settings" to "Off".


+----------------------------------------------------------------------------+
; Parameter Settings for User Entity Instance: sad_bo:V1|registrador:SAD_reg ;
+----------------+-------+---------------------------------------------------+
; Parameter Name ; Value ; Type                                              ;
+----------------+-------+---------------------------------------------------+
; n              ; 14    ; Signed Integer                                    ;
+----------------+-------+---------------------------------------------------+
Note: In order to hide this table in the UI and the text report file, please set the "Show Parameter Settings in Synthesis Report" option in "Analysis and Synthesis Settings -> More Settings" to "Off".


+-----------------------------------------------------------------------+
; Parameter Settings for User Entity Instance: sad_bo:V1|mux2para1:mux2 ;
+----------------+-------+----------------------------------------------+
; Parameter Name ; Value ; Type                                         ;
+----------------+-------+----------------------------------------------+
; n              ; 7     ; Signed Integer                               ;
+----------------+-------+----------------------------------------------+
Note: In order to hide this table in the UI and the text report file, please set the "Show Parameter Settings in Synthesis Report" option in "Analysis and Synthesis Settings -> More Settings" to "Off".


+-------------------------------------------------------------------------+
; Parameter Settings for User Entity Instance: sad_bo:V1|registrador:regi ;
+----------------+-------+------------------------------------------------+
; Parameter Name ; Value ; Type                                           ;
+----------------+-------+------------------------------------------------+
; n              ; 7     ; Signed Integer                                 ;
+----------------+-------+------------------------------------------------+
Note: In order to hide this table in the UI and the text report file, please set the "Show Parameter Settings in Synthesis Report" option in "Analysis and Synthesis Settings -> More Settings" to "Off".


+--------------------------------------------------------------------------+
; Parameter Settings for User Entity Instance: sad_bo:V1|somadornbits:som2 ;
+----------------+-------+-------------------------------------------------+
; Parameter Name ; Value ; Type                                            ;
+----------------+-------+-------------------------------------------------+
; n              ; 6     ; Signed Integer                                  ;
+----------------+-------+-------------------------------------------------+
Note: In order to hide this table in the UI and the text report file, please set the "Show Parameter Settings in Synthesis Report" option in "Analysis and Synthesis Settings -> More Settings" to "Off".


+--------------------------------------------------------+
; Parameter Settings for User Entity Instance: sad_bc:V2 ;
+----------------+-------+-------------------------------+
; Parameter Name ; Value ; Type                          ;
+----------------+-------+-------------------------------+
; B              ; 8     ; Signed Integer                ;
; N              ; 64    ; Signed Integer                ;
; P              ; 1     ; Signed Integer                ;
+----------------+-------+-------------------------------+
Note: In order to hide this table in the UI and the text report file, please set the "Show Parameter Settings in Synthesis Report" option in "Analysis and Synthesis Settings -> More Settings" to "Off".


+---------------------------------------------------------+
; Port Connectivity Checks: "sad_bo:V1|somadornbits:som2" ;
+------------+-------+----------+-------------------------+
; Port       ; Type  ; Severity ; Details                 ;
+------------+-------+----------+-------------------------+
; cin        ; Input ; Info     ; Stuck at GND            ;
; add2[5..1] ; Input ; Info     ; Stuck at GND            ;
; add2[0]    ; Input ; Info     ; Stuck at VCC            ;
+------------+-------+----------+-------------------------+


+------------------------------------------------------+
; Port Connectivity Checks: "sad_bo:V1|mux2para1:mux2" ;
+------+-------+----------+----------------------------+
; Port ; Type  ; Severity ; Details                    ;
+------+-------+----------+----------------------------+
; b    ; Input ; Info     ; Stuck at GND               ;
+------+-------+----------+----------------------------+


+------------------------------------------------------+
; Port Connectivity Checks: "sad_bo:V1|mux2para1:mux1" ;
+------+-------+----------+----------------------------+
; Port ; Type  ; Severity ; Details                    ;
+------+-------+----------+----------------------------+
; b    ; Input ; Info     ; Stuck at GND               ;
+------+-------+----------+----------------------------+


+-----------------------------------------------------------------------------------------------------------------------+
; Port Connectivity Checks: "sad_bo:V1|somadornbits:som1"                                                               ;
+-------------+--------+----------+-------------------------------------------------------------------------------------+
; Port        ; Type   ; Severity ; Details                                                                             ;
+-------------+--------+----------+-------------------------------------------------------------------------------------+
; cin         ; Input  ; Info     ; Stuck at GND                                                                        ;
; add2[13..9] ; Input  ; Info     ; Stuck at GND                                                                        ;
; sum[14]     ; Output ; Info     ; Connected to dangling logic. Logic that only feeds a dangling port will be removed. ;
+-------------+--------+----------+-------------------------------------------------------------------------------------+


+----------------------------------------------------------+
; Port Connectivity Checks: "sad_bo:V1|subtratornbits:sub" ;
+---------+-------+----------+-----------------------------+
; Port    ; Type  ; Severity ; Details                     ;
+---------+-------+----------+-----------------------------+
; sub1[8] ; Input ; Info     ; Stuck at GND                ;
; sub2[8] ; Input ; Info     ; Stuck at GND                ;
+---------+-------+----------+-----------------------------+


+-------------------------------+
; Elapsed Time Per Partition    ;
+----------------+--------------+
; Partition Name ; Elapsed Time ;
+----------------+--------------+
; Top            ; 00:00:00     ;
+----------------+--------------+


+-------------------------------+
; Analysis & Synthesis Messages ;
+-------------------------------+
Info: *******************************************************************
Info: Running Quartus II 64-Bit Analysis & Synthesis
    Info: Version 13.1.0 Build 162 10/23/2013 SJ Web Edition
    Info: Processing started: Thu Jun 06 10:26:51 2024
Info: Command: quartus_map --read_settings_files=on --write_settings_files=off topo -c topo
Warning (20028): Parallel compilation is not licensed and has been disabled
Info (12021): Found 2 design units, including 1 entities, in source file subtratornbits.vhd
    Info (12022): Found design unit 1: subtratornbits-rtl
    Info (12023): Found entity 1: subtratornbits
Info (12021): Found 2 design units, including 1 entities, in source file somadornbits.vhd
    Info (12022): Found design unit 1: somadornbits-rtl
    Info (12023): Found entity 1: somadornbits
Info (12021): Found 2 design units, including 1 entities, in source file somador1bit.vhd
    Info (12022): Found design unit 1: somador1bit-comportamento
    Info (12023): Found entity 1: somador1bit
Info (12021): Found 2 design units, including 1 entities, in source file sad_bo.vhd
    Info (12022): Found design unit 1: sad_bo-arc
    Info (12023): Found entity 1: sad_bo
Info (12021): Found 2 design units, including 1 entities, in source file sad_bc.vhd
    Info (12022): Found design unit 1: sad_bc-arch
    Info (12023): Found entity 1: sad_bc
Info (12021): Found 2 design units, including 1 entities, in source file sad.vhd
    Info (12022): Found design unit 1: sad-arc
    Info (12023): Found entity 1: sad
Info (12021): Found 2 design units, including 1 entities, in source file registrador.vhd
    Info (12022): Found design unit 1: registrador-comportamento
    Info (12023): Found entity 1: registrador
Info (12021): Found 2 design units, including 1 entities, in source file mux2para1.vhd
    Info (12022): Found design unit 1: mux2para1-comportamento
    Info (12023): Found entity 1: mux2para1
Info (12021): Found 2 design units, including 1 entities, in source file abst.vhd
    Info (12022): Found design unit 1: abst-comportamento
    Info (12023): Found entity 1: abst
Info (12021): Found 2 design units, including 1 entities, in source file testbench.vhd
    Info (12022): Found design unit 1: testbench-tb
    Info (12023): Found entity 1: testbench
Info (12127): Elaborating entity "sad" for the top level hierarchy
Info (12128): Elaborating entity "sad_bo" for hierarchy "sad_bo:V1"
Info (12128): Elaborating entity "registrador" for hierarchy "sad_bo:V1|registrador:pA"
Info (12128): Elaborating entity "subtratornbits" for hierarchy "sad_bo:V1|subtratornbits:sub"
Info (12128): Elaborating entity "abst" for hierarchy "sad_bo:V1|abst:absto"
Info (12128): Elaborating entity "somadornbits" for hierarchy "sad_bo:V1|somadornbits:som1"
Info (12128): Elaborating entity "mux2para1" for hierarchy "sad_bo:V1|mux2para1:mux1"
Info (12128): Elaborating entity "registrador" for hierarchy "sad_bo:V1|registrador:soma_reg"
Info (12128): Elaborating entity "mux2para1" for hierarchy "sad_bo:V1|mux2para1:mux2"
Info (12128): Elaborating entity "registrador" for hierarchy "sad_bo:V1|registrador:regi"
Info (12128): Elaborating entity "somadornbits" for hierarchy "sad_bo:V1|somadornbits:som2"
Info (12128): Elaborating entity "sad_bc" for hierarchy "sad_bc:V2"
Warning (10492): VHDL Process Statement warning at sad_bc.vhd(83): signal "menor" is read inside the Process Statement but isn't in the Process Statement's sensitivity list
Info (286030): Timing-Driven Synthesis is running
Info (16010): Generating hard_block partition "hard_block:auto_generated_inst"
    Info (16011): Adding 0 node(s), including 0 DDIO, 0 PLL, 0 transceiver and 0 LCELL
Info (21057): Implemented 118 device resources after synthesis - the final resource count might be different
    Info (21058): Implemented 19 input pins
    Info (21059): Implemented 22 output pins
    Info (21061): Implemented 77 logic cells
Info: Quartus II 64-Bit Analysis & Synthesis was successful. 0 errors, 2 warnings
    Info: Peak virtual memory: 4661 megabytes
    Info: Processing ended: Thu Jun 06 10:26:53 2024
    Info: Elapsed time: 00:00:02
    Info: Total CPU time (on all processors): 00:00:01


