EDA Netlist Writer report for sad
Fri Jun 07 23:16:16 2024
Quartus II 64-Bit Version 13.0.1 Build 232 06/12/2013 Service Pack 1 SJ Web Edition


---------------------
; Table of Contents ;
---------------------
  1. Legal Notice
  2. EDA Netlist Writer Summary
  3. Simulation Settings
  4. Simulation Generated Files
  5. EDA Netlist Writer Messages



----------------
; Legal Notice ;
----------------
Copyright (C) 1991-2013 Altera Corporation
Your use of Altera Corporation's design tools, logic functions 
and other software and tools, and its AMPP partner logic 
functions, and any output files from any of the foregoing 
(including device programming or simulation files), and any 
associated documentation or information are expressly subject 
to the terms and conditions of the Altera Program License 
Subscription Agreement, Altera MegaCore Function License 
Agreement, or other applicable license agreement, including, 
without limitation, that your use is for the sole purpose of 
programming logic devices manufactured by Altera and sold by 
Altera or its authorized distributors.  Please refer to the 
applicable agreement for further details.



+-------------------------------------------------------------------+
; EDA Netlist Writer Summary                                        ;
+---------------------------+---------------------------------------+
; EDA Netlist Writer Status ; Successful - Fri Jun 07 23:16:16 2024 ;
; Revision Name             ; sad                                   ;
; Top-level Entity Name     ; sad                                   ;
; Family                    ; Cyclone III                           ;
; Simulation Files Creation ; Successful                            ;
+---------------------------+---------------------------------------+


+----------------------------------------------------------------------------------------------------------------------------+
; Simulation Settings                                                                                                        ;
+---------------------------------------------------------------------------------------------------+------------------------+
; Option                                                                                            ; Setting                ;
+---------------------------------------------------------------------------------------------------+------------------------+
; Tool Name                                                                                         ; ModelSim-Altera (VHDL) ;
; Generate netlist for functional simulation only                                                   ; Off                    ;
; Time scale                                                                                        ; 1 ps                   ;
; Truncate long hierarchy paths                                                                     ; Off                    ;
; Map illegal HDL characters                                                                        ; On                     ;
; Flatten buses into individual nodes                                                               ; Off                    ;
; Maintain hierarchy                                                                                ; Off                    ;
; Bring out device-wide set/reset signals as ports                                                  ; Off                    ;
; Enable glitch filtering                                                                           ; On                     ;
; Generate Power Estimate Scripts                                                                   ; All output signals     ;
; Test Bench design instance name                                                                   ; DUV                    ;
; Do not write top level VHDL entity                                                                ; Off                    ;
; Disable detection of setup and hold time violations in the input registers of bi-directional pins ; Off                    ;
; Architecture name in VHDL output netlist                                                          ; structure              ;
; Generate third-party EDA tool command script for RTL functional simulation                        ; Off                    ;
; Generate third-party EDA tool command script for gate-level simulation                            ; Off                    ;
+---------------------------------------------------------------------------------------------------+------------------------+


+-------------------------------------------------------------------------------+
; Simulation Generated Files                                                    ;
+-------------------------------------------------------------------------------+
; Generated Files                                                               ;
+-------------------------------------------------------------------------------+
; C:/Trabalho/INE5406/sad-v3/simulation/modelsim/sad_7_1200mv_85c_slow.vho      ;
; C:/Trabalho/INE5406/sad-v3/simulation/modelsim/sad_7_1200mv_0c_slow.vho       ;
; C:/Trabalho/INE5406/sad-v3/simulation/modelsim/sad_min_1200mv_0c_fast.vho     ;
; C:/Trabalho/INE5406/sad-v3/simulation/modelsim/sad.vho                        ;
; C:/Trabalho/INE5406/sad-v3/simulation/modelsim/sad_7_1200mv_85c_vhd_slow.sdo  ;
; C:/Trabalho/INE5406/sad-v3/simulation/modelsim/sad_7_1200mv_0c_vhd_slow.sdo   ;
; C:/Trabalho/INE5406/sad-v3/simulation/modelsim/sad_min_1200mv_0c_vhd_fast.sdo ;
; C:/Trabalho/INE5406/sad-v3/simulation/modelsim/sad_vhd.sdo                    ;
; C:/Trabalho/INE5406/sad-v3/simulation/modelsim/sad_dump_all_vcd_nodes.tcl     ;
+-------------------------------------------------------------------------------+


+-----------------------------+
; EDA Netlist Writer Messages ;
+-----------------------------+
Info: *******************************************************************
Info: Running Quartus II 64-Bit EDA Netlist Writer
    Info: Version 13.0.1 Build 232 06/12/2013 Service Pack 1 SJ Web Edition
    Info: Processing started: Fri Jun 07 23:16:15 2024
Info: Command: quartus_eda --read_settings_files=off --write_settings_files=off sad -c sad
Info (204019): Generated file sad_7_1200mv_85c_slow.vho in folder "C:/Trabalho/INE5406/sad-v3/simulation/modelsim/" for EDA simulation tool
Info (204019): Generated file sad_7_1200mv_0c_slow.vho in folder "C:/Trabalho/INE5406/sad-v3/simulation/modelsim/" for EDA simulation tool
Info (204019): Generated file sad_min_1200mv_0c_fast.vho in folder "C:/Trabalho/INE5406/sad-v3/simulation/modelsim/" for EDA simulation tool
Info (204019): Generated file sad.vho in folder "C:/Trabalho/INE5406/sad-v3/simulation/modelsim/" for EDA simulation tool
Info (204019): Generated file sad_7_1200mv_85c_vhd_slow.sdo in folder "C:/Trabalho/INE5406/sad-v3/simulation/modelsim/" for EDA simulation tool
Info (204019): Generated file sad_7_1200mv_0c_vhd_slow.sdo in folder "C:/Trabalho/INE5406/sad-v3/simulation/modelsim/" for EDA simulation tool
Info (204019): Generated file sad_min_1200mv_0c_vhd_fast.sdo in folder "C:/Trabalho/INE5406/sad-v3/simulation/modelsim/" for EDA simulation tool
Info (204019): Generated file sad_vhd.sdo in folder "C:/Trabalho/INE5406/sad-v3/simulation/modelsim/" for EDA simulation tool
Info (204020): Writing VCD Dump Commands for all nodes to C:/Trabalho/INE5406/sad-v3/simulation/modelsim/sad_dump_all_vcd_nodes.tcl
Info: Quartus II 64-Bit EDA Netlist Writer was successful. 0 errors, 0 warnings
    Info: Peak virtual memory: 4512 megabytes
    Info: Processing ended: Fri Jun 07 23:16:16 2024
    Info: Elapsed time: 00:00:01
    Info: Total CPU time (on all processors): 00:00:00


