Analysis & Synthesis report for sad_v3
Thu May 16 20:16:48 2024
Quartus II 64-Bit Version 13.1.0 Build 162 10/23/2013 SJ Web Edition


---------------------
; Table of Contents ;
---------------------
  1. Legal Notice
  2. Analysis & Synthesis Summary
  3. Analysis & Synthesis Settings
  4. Parallel Compilation
  5. Analysis & Synthesis Source Files Read
  6. Analysis & Synthesis Resource Usage Summary
  7. Analysis & Synthesis Resource Utilization by Entity
  8. State Machine - |Topo|sad_bc:V2|EA
  9. User-Specified and Inferred Latches
 10. Registers Removed During Synthesis
 11. General Register Statistics
 12. Parameter Settings for User Entity Instance: sad_bo:V1
 13. Parameter Settings for User Entity Instance: sad_bo:V1|registrador:pA1
 14. Parameter Settings for User Entity Instance: sad_bo:V1|registrador:pA2
 15. Parameter Settings for User Entity Instance: sad_bo:V1|registrador:pA3
 16. Parameter Settings for User Entity Instance: sad_bo:V1|registrador:pA4
 17. Parameter Settings for User Entity Instance: sad_bo:V1|registrador:pB1
 18. Parameter Settings for User Entity Instance: sad_bo:V1|registrador:pB2
 19. Parameter Settings for User Entity Instance: sad_bo:V1|registrador:pB3
 20. Parameter Settings for User Entity Instance: sad_bo:V1|registrador:pB4
 21. Parameter Settings for User Entity Instance: sad_bo:V1|subtratornbits:sub1
 22. Parameter Settings for User Entity Instance: sad_bo:V1|subtratornbits:sub2
 23. Parameter Settings for User Entity Instance: sad_bo:V1|subtratornbits:sub3
 24. Parameter Settings for User Entity Instance: sad_bo:V1|subtratornbits:sub4
 25. Parameter Settings for User Entity Instance: sad_bo:V1|abst:absto1
 26. Parameter Settings for User Entity Instance: sad_bo:V1|abst:absto2
 27. Parameter Settings for User Entity Instance: sad_bo:V1|abst:absto3
 28. Parameter Settings for User Entity Instance: sad_bo:V1|abst:absto4
 29. Parameter Settings for User Entity Instance: sad_bo:V1|somadornbits:som1
 30. Parameter Settings for User Entity Instance: sad_bo:V1|somadornbits:som12
 31. Parameter Settings for User Entity Instance: sad_bo:V1|somadornbits:som3
 32. Parameter Settings for User Entity Instance: sad_bo:V1|somadornbits:som4
 33. Parameter Settings for User Entity Instance: sad_bo:V1|mux2para1:mux1
 34. Parameter Settings for User Entity Instance: sad_bo:V1|registrador:soma
 35. Parameter Settings for User Entity Instance: sad_bo:V1|registrador:SAD_reg
 36. Parameter Settings for User Entity Instance: sad_bo:V1|mux2para1:mux2
 37. Parameter Settings for User Entity Instance: sad_bo:V1|registrador:regi
 38. Parameter Settings for User Entity Instance: sad_bo:V1|somadornbits:som2
 39. Parameter Settings for User Entity Instance: sad_bc:V2
 40. Port Connectivity Checks: "sad_bo:V1|somadornbits:som2|somador1bit:\scs:3:sc_internal:sc"
 41. Port Connectivity Checks: "sad_bo:V1|somadornbits:som2|somador1bit:\scs:2:sc_internal:sc"
 42. Port Connectivity Checks: "sad_bo:V1|somadornbits:som2"
 43. Port Connectivity Checks: "sad_bo:V1|registrador:regi"
 44. Port Connectivity Checks: "sad_bo:V1|mux2para1:mux2"
 45. Port Connectivity Checks: "sad_bo:V1|registrador:SAD_reg"
 46. Port Connectivity Checks: "sad_bo:V1|mux2para1:mux1"
 47. Port Connectivity Checks: "sad_bo:V1|somadornbits:som4|somador1bit:\scs:13:sc_internal:sc"
 48. Port Connectivity Checks: "sad_bo:V1|somadornbits:som4|somador1bit:\scs:12:sc_internal:sc"
 49. Port Connectivity Checks: "sad_bo:V1|somadornbits:som4|somador1bit:\scs:11:sc_internal:sc"
 50. Port Connectivity Checks: "sad_bo:V1|somadornbits:som4|somador1bit:\scs:10:sc_internal:sc"
 51. Port Connectivity Checks: "sad_bo:V1|somadornbits:som4|somador1bit:\scs:9:sc_internal:sc"
 52. Port Connectivity Checks: "sad_bo:V1|somadornbits:som4|somador1bit:\scs:8:sc_internal:sc"
 53. Port Connectivity Checks: "sad_bo:V1|somadornbits:som4|somador1bit:\scs:7:sc_internal:sc"
 54. Port Connectivity Checks: "sad_bo:V1|somadornbits:som4|somador1bit:\scs:6:sc_internal:sc"
 55. Port Connectivity Checks: "sad_bo:V1|somadornbits:som4|somador1bit:\scs:5:sc_internal:sc"
 56. Port Connectivity Checks: "sad_bo:V1|somadornbits:som4|somador1bit:\scs:4:sc_internal:sc"
 57. Port Connectivity Checks: "sad_bo:V1|somadornbits:som4|somador1bit:\scs:3:sc_internal:sc"
 58. Port Connectivity Checks: "sad_bo:V1|somadornbits:som4|somador1bit:\scs:2:sc_internal:sc"
 59. Port Connectivity Checks: "sad_bo:V1|somadornbits:som4"
 60. Port Connectivity Checks: "sad_bo:V1|somadornbits:som3|somador1bit:\scs:8:sc_internal:sc"
 61. Port Connectivity Checks: "sad_bo:V1|somadornbits:som3|somador1bit:\scs:7:sc_internal:sc"
 62. Port Connectivity Checks: "sad_bo:V1|somadornbits:som3|somador1bit:\scs:6:sc_internal:sc"
 63. Port Connectivity Checks: "sad_bo:V1|somadornbits:som3|somador1bit:\scs:5:sc_internal:sc"
 64. Port Connectivity Checks: "sad_bo:V1|somadornbits:som3|somador1bit:\scs:4:sc_internal:sc"
 65. Port Connectivity Checks: "sad_bo:V1|somadornbits:som3|somador1bit:\scs:3:sc_internal:sc"
 66. Port Connectivity Checks: "sad_bo:V1|somadornbits:som3|somador1bit:\scs:2:sc_internal:sc"
 67. Port Connectivity Checks: "sad_bo:V1|somadornbits:som3"
 68. Port Connectivity Checks: "sad_bo:V1|somadornbits:som12"
 69. Port Connectivity Checks: "sad_bo:V1|somadornbits:som1|somador1bit:\scs:7:sc_internal:sc"
 70. Port Connectivity Checks: "sad_bo:V1|somadornbits:som1|somador1bit:\scs:6:sc_internal:sc"
 71. Port Connectivity Checks: "sad_bo:V1|somadornbits:som1|somador1bit:\scs:5:sc_internal:sc"
 72. Port Connectivity Checks: "sad_bo:V1|somadornbits:som1|somador1bit:\scs:4:sc_internal:sc"
 73. Port Connectivity Checks: "sad_bo:V1|somadornbits:som1|somador1bit:\scs:3:sc_internal:sc"
 74. Port Connectivity Checks: "sad_bo:V1|somadornbits:som1|somador1bit:\scs:2:sc_internal:sc"
 75. Port Connectivity Checks: "sad_bo:V1|somadornbits:som1"
 76. Elapsed Time Per Partition
 77. Analysis & Synthesis Messages



----------------
; Legal Notice ;
----------------
Copyright (C) 1991-2013 Altera Corporation
Your use of Altera Corporation's design tools, logic functions 
and other software and tools, and its AMPP partner logic 
functions, and any output files from any of the foregoing 
(including device programming or simulation files), and any 
associated documentation or information are expressly subject 
to the terms and conditions of the Altera Program License 
Subscription Agreement, Altera MegaCore Function License 
Agreement, or other applicable license agreement, including, 
without limitation, that your use is for the sole purpose of 
programming logic devices manufactured by Altera and sold by 
Altera or its authorized distributors.  Please refer to the 
applicable agreement for further details.



+---------------------------------------------------------------------------------+
; Analysis & Synthesis Summary                                                    ;
+------------------------------------+--------------------------------------------+
; Analysis & Synthesis Status        ; Successful - Thu May 16 20:16:48 2024      ;
; Quartus II 64-Bit Version          ; 13.1.0 Build 162 10/23/2013 SJ Web Edition ;
; Revision Name                      ; sad_v3                                     ;
; Top-level Entity Name              ; Topo                                       ;
; Family                             ; Cyclone III                                ;
; Total logic elements               ; 7                                          ;
;     Total combinational functions  ; 5                                          ;
;     Dedicated logic registers      ; 4                                          ;
; Total registers                    ; 4                                          ;
; Total pins                         ; 81                                         ;
; Total virtual pins                 ; 0                                          ;
; Total memory bits                  ; 0                                          ;
; Embedded Multiplier 9-bit elements ; 0                                          ;
; Total PLLs                         ; 0                                          ;
+------------------------------------+--------------------------------------------+


+----------------------------------------------------------------------------------------------------------------------+
; Analysis & Synthesis Settings                                                                                        ;
+----------------------------------------------------------------------------+--------------------+--------------------+
; Option                                                                     ; Setting            ; Default Value      ;
+----------------------------------------------------------------------------+--------------------+--------------------+
; Device                                                                     ; EP3C5E144C7        ;                    ;
; Top-level entity name                                                      ; topo               ; sad_v3             ;
; Family name                                                                ; Cyclone III        ; Cyclone IV GX      ;
; Use smart compilation                                                      ; Off                ; Off                ;
; Enable parallel Assembler and TimeQuest Timing Analyzer during compilation ; On                 ; On                 ;
; Enable compact report table                                                ; Off                ; Off                ;
; Restructure Multiplexers                                                   ; Auto               ; Auto               ;
; Create Debugging Nodes for IP Cores                                        ; Off                ; Off                ;
; Preserve fewer node names                                                  ; On                 ; On                 ;
; Disable OpenCore Plus hardware evaluation                                  ; Off                ; Off                ;
; Verilog Version                                                            ; Verilog_2001       ; Verilog_2001       ;
; VHDL Version                                                               ; VHDL_1993          ; VHDL_1993          ;
; State Machine Processing                                                   ; Auto               ; Auto               ;
; Safe State Machine                                                         ; Off                ; Off                ;
; Extract Verilog State Machines                                             ; On                 ; On                 ;
; Extract VHDL State Machines                                                ; On                 ; On                 ;
; Ignore Verilog initial constructs                                          ; Off                ; Off                ;
; Iteration limit for constant Verilog loops                                 ; 5000               ; 5000               ;
; Iteration limit for non-constant Verilog loops                             ; 250                ; 250                ;
; Add Pass-Through Logic to Inferred RAMs                                    ; On                 ; On                 ;
; Infer RAMs from Raw Logic                                                  ; On                 ; On                 ;
; Parallel Synthesis                                                         ; On                 ; On                 ;
; DSP Block Balancing                                                        ; Auto               ; Auto               ;
; NOT Gate Push-Back                                                         ; On                 ; On                 ;
; Power-Up Don't Care                                                        ; On                 ; On                 ;
; Remove Redundant Logic Cells                                               ; Off                ; Off                ;
; Remove Duplicate Registers                                                 ; On                 ; On                 ;
; Ignore CARRY Buffers                                                       ; Off                ; Off                ;
; Ignore CASCADE Buffers                                                     ; Off                ; Off                ;
; Ignore GLOBAL Buffers                                                      ; Off                ; Off                ;
; Ignore ROW GLOBAL Buffers                                                  ; Off                ; Off                ;
; Ignore LCELL Buffers                                                       ; Off                ; Off                ;
; Ignore SOFT Buffers                                                        ; On                 ; On                 ;
; Limit AHDL Integers to 32 Bits                                             ; Off                ; Off                ;
; Optimization Technique                                                     ; Balanced           ; Balanced           ;
; Carry Chain Length                                                         ; 70                 ; 70                 ;
; Auto Carry Chains                                                          ; On                 ; On                 ;
; Auto Open-Drain Pins                                                       ; On                 ; On                 ;
; Perform WYSIWYG Primitive Resynthesis                                      ; Off                ; Off                ;
; Auto ROM Replacement                                                       ; On                 ; On                 ;
; Auto RAM Replacement                                                       ; On                 ; On                 ;
; Auto DSP Block Replacement                                                 ; On                 ; On                 ;
; Auto Shift Register Replacement                                            ; Auto               ; Auto               ;
; Allow Shift Register Merging across Hierarchies                            ; Auto               ; Auto               ;
; Auto Clock Enable Replacement                                              ; On                 ; On                 ;
; Strict RAM Replacement                                                     ; Off                ; Off                ;
; Allow Synchronous Control Signals                                          ; On                 ; On                 ;
; Force Use of Synchronous Clear Signals                                     ; Off                ; Off                ;
; Auto RAM Block Balancing                                                   ; On                 ; On                 ;
; Auto RAM to Logic Cell Conversion                                          ; Off                ; Off                ;
; Auto Resource Sharing                                                      ; Off                ; Off                ;
; Allow Any RAM Size For Recognition                                         ; Off                ; Off                ;
; Allow Any ROM Size For Recognition                                         ; Off                ; Off                ;
; Allow Any Shift Register Size For Recognition                              ; Off                ; Off                ;
; Use LogicLock Constraints during Resource Balancing                        ; On                 ; On                 ;
; Ignore translate_off and synthesis_off directives                          ; Off                ; Off                ;
; Timing-Driven Synthesis                                                    ; On                 ; On                 ;
; Report Parameter Settings                                                  ; On                 ; On                 ;
; Report Source Assignments                                                  ; On                 ; On                 ;
; Report Connectivity Checks                                                 ; On                 ; On                 ;
; Ignore Maximum Fan-Out Assignments                                         ; Off                ; Off                ;
; Synchronization Register Chain Length                                      ; 2                  ; 2                  ;
; PowerPlay Power Optimization                                               ; Normal compilation ; Normal compilation ;
; HDL message level                                                          ; Level2             ; Level2             ;
; Suppress Register Optimization Related Messages                            ; Off                ; Off                ;
; Number of Removed Registers Reported in Synthesis Report                   ; 5000               ; 5000               ;
; Number of Swept Nodes Reported in Synthesis Report                         ; 5000               ; 5000               ;
; Number of Inverted Registers Reported in Synthesis Report                  ; 100                ; 100                ;
; Clock MUX Protection                                                       ; On                 ; On                 ;
; Auto Gated Clock Conversion                                                ; Off                ; Off                ;
; Block Design Naming                                                        ; Auto               ; Auto               ;
; SDC constraint protection                                                  ; Off                ; Off                ;
; Synthesis Effort                                                           ; Auto               ; Auto               ;
; Shift Register Replacement - Allow Asynchronous Clear Signal               ; On                 ; On                 ;
; Pre-Mapping Resynthesis Optimization                                       ; Off                ; Off                ;
; Analysis & Synthesis Message Level                                         ; Medium             ; Medium             ;
; Disable Register Merging Across Hierarchies                                ; Auto               ; Auto               ;
; Resource Aware Inference For Block RAM                                     ; On                 ; On                 ;
; Synthesis Seed                                                             ; 1                  ; 1                  ;
+----------------------------------------------------------------------------+--------------------+--------------------+


Parallel compilation was disabled, but you have multiple processors available. Enable parallel compilation to reduce compilation time.
+-------------------------------------+
; Parallel Compilation                ;
+----------------------------+--------+
; Processors                 ; Number ;
+----------------------------+--------+
; Number detected on machine ; 8      ;
; Maximum allowed            ; 1      ;
+----------------------------+--------+


+-------------------------------------------------------------------------------------------------------------------------------------------------------------------+
; Analysis & Synthesis Source Files Read                                                                                                                            ;
+----------------------------------+-----------------+-----------------+----------------------------------------------------------------------------------+---------+
; File Name with User-Entered Path ; Used in Netlist ; File Type       ; File Name with Absolute Path                                                     ; Library ;
+----------------------------------+-----------------+-----------------+----------------------------------------------------------------------------------+---------+
; topo.vhd                         ; yes             ; User VHDL File  ; C:/Users/lucas/Documents/Sistemas Digitais/GIT/INE5406/sad-v3/topo.vhd           ;         ;
; subtratornbits.vhd               ; yes             ; User VHDL File  ; C:/Users/lucas/Documents/Sistemas Digitais/GIT/INE5406/sad-v3/subtratornbits.vhd ;         ;
; somadornbits.vhd                 ; yes             ; User VHDL File  ; C:/Users/lucas/Documents/Sistemas Digitais/GIT/INE5406/sad-v3/somadornbits.vhd   ;         ;
; somador1bit.vhd                  ; yes             ; User VHDL File  ; C:/Users/lucas/Documents/Sistemas Digitais/GIT/INE5406/sad-v3/somador1bit.vhd    ;         ;
; sad_bo.vhd                       ; yes             ; User VHDL File  ; C:/Users/lucas/Documents/Sistemas Digitais/GIT/INE5406/sad-v3/sad_bo.vhd         ;         ;
; sad_bc.vhd                       ; yes             ; User VHDL File  ; C:/Users/lucas/Documents/Sistemas Digitais/GIT/INE5406/sad-v3/sad_bc.vhd         ;         ;
; registrador.vhd                  ; yes             ; User VHDL File  ; C:/Users/lucas/Documents/Sistemas Digitais/GIT/INE5406/sad-v3/registrador.vhd    ;         ;
; mux2para1.vhd                    ; yes             ; User VHDL File  ; C:/Users/lucas/Documents/Sistemas Digitais/GIT/INE5406/sad-v3/mux2para1.vhd      ;         ;
; abst.vhd                         ; yes             ; User VHDL File  ; C:/Users/lucas/Documents/Sistemas Digitais/GIT/INE5406/sad-v3/abst.vhd           ;         ;
+----------------------------------+-----------------+-----------------+----------------------------------------------------------------------------------+---------+


+---------------------------------------------------------------+
; Analysis & Synthesis Resource Usage Summary                   ;
+---------------------------------------------+-----------------+
; Resource                                    ; Usage           ;
+---------------------------------------------+-----------------+
; Estimated Total logic elements              ; 7               ;
;                                             ;                 ;
; Total combinational functions               ; 5               ;
; Logic element usage by number of LUT inputs ;                 ;
;     -- 4 input functions                    ; 0               ;
;     -- 3 input functions                    ; 2               ;
;     -- <=2 input functions                  ; 3               ;
;                                             ;                 ;
; Logic elements by mode                      ;                 ;
;     -- normal mode                          ; 5               ;
;     -- arithmetic mode                      ; 0               ;
;                                             ;                 ;
; Total registers                             ; 4               ;
;     -- Dedicated logic registers            ; 4               ;
;     -- I/O registers                        ; 0               ;
;                                             ;                 ;
; I/O pins                                    ; 81              ;
; Embedded Multiplier 9-bit elements          ; 0               ;
; Maximum fan-out node                        ; sad_bc:V2|REG~0 ;
; Maximum fan-out                             ; 4               ;
; Total fan-out                               ; 106             ;
; Average fan-out                             ; 0.62            ;
+---------------------------------------------+-----------------+


+-----------------------------------------------------------------------------------------------------------------------------------------------------------------------------+
; Analysis & Synthesis Resource Utilization by Entity                                                                                                                         ;
+----------------------------+-------------------+--------------+-------------+--------------+---------+-----------+------+--------------+---------------------+--------------+
; Compilation Hierarchy Node ; LC Combinationals ; LC Registers ; Memory Bits ; DSP Elements ; DSP 9x9 ; DSP 18x18 ; Pins ; Virtual Pins ; Full Hierarchy Name ; Library Name ;
+----------------------------+-------------------+--------------+-------------+--------------+---------+-----------+------+--------------+---------------------+--------------+
; |Topo                      ; 5 (0)             ; 4 (0)        ; 0           ; 0            ; 0       ; 0         ; 81   ; 0            ; |Topo               ; work         ;
;    |sad_bc:V2|             ; 5 (5)             ; 4 (4)        ; 0           ; 0            ; 0       ; 0         ; 0    ; 0            ; |Topo|sad_bc:V2     ; work         ;
+----------------------------+-------------------+--------------+-------------+--------------+---------+-----------+------+--------------+---------------------+--------------+
Note: For table entries with two numbers listed, the numbers in parentheses indicate the number of resources of the given type used by the specific entity alone. The numbers listed outside of parentheses indicate the total resources of the given type used by the specific entity and all of its sub-entities in the hierarchy.


Encoding Type:  One-Hot
+-------------------------------------------------------+
; State Machine - |Topo|sad_bc:V2|EA                    ;
+-------+-------+-------+-------+-------+-------+-------+
; Name  ; EA.S5 ; EA.S4 ; EA.S3 ; EA.S2 ; EA.S1 ; EA.S0 ;
+-------+-------+-------+-------+-------+-------+-------+
; EA.S0 ; 0     ; 0     ; 0     ; 0     ; 0     ; 0     ;
; EA.S1 ; 0     ; 0     ; 0     ; 0     ; 1     ; 1     ;
; EA.S2 ; 0     ; 0     ; 0     ; 1     ; 0     ; 1     ;
; EA.S3 ; 0     ; 0     ; 1     ; 0     ; 0     ; 1     ;
; EA.S4 ; 0     ; 1     ; 0     ; 0     ; 0     ; 1     ;
; EA.S5 ; 1     ; 0     ; 0     ; 0     ; 0     ; 1     ;
+-------+-------+-------+-------+-------+-------+-------+


+---------------------------------------------------------------------------------------------------+
; User-Specified and Inferred Latches                                                               ;
+----------------------------------------------------+---------------------+------------------------+
; Latch Name                                         ; Latch Enable Signal ; Free of Timing Hazards ;
+----------------------------------------------------+---------------------+------------------------+
; sad_bc:V2|done                                     ; sad_bc:V2|WideOr1   ; yes                    ;
; Number of user-specified and inferred latches = 1  ;                     ;                        ;
+----------------------------------------------------+---------------------+------------------------+
Note: All latches listed above may not be present at the end of synthesis due to various synthesis optimizations.


+--------------------------------------------------------------------------------+
; Registers Removed During Synthesis                                             ;
+---------------------------------------+----------------------------------------+
; Register name                         ; Reason for Removal                     ;
+---------------------------------------+----------------------------------------+
; sad_bc:V2|EA.S3                       ; Lost fanout                            ;
; sad_bc:V2|EA.S4                       ; Stuck at GND due to stuck port data_in ;
; Total Number of Removed Registers = 2 ;                                        ;
+---------------------------------------+----------------------------------------+


+------------------------------------------------------+
; General Register Statistics                          ;
+----------------------------------------------+-------+
; Statistic                                    ; Value ;
+----------------------------------------------+-------+
; Total registers                              ; 4     ;
; Number of registers using Synchronous Clear  ; 0     ;
; Number of registers using Synchronous Load   ; 0     ;
; Number of registers using Asynchronous Clear ; 4     ;
; Number of registers using Asynchronous Load  ; 0     ;
; Number of registers using Clock Enable       ; 0     ;
; Number of registers using Preset             ; 0     ;
+----------------------------------------------+-------+


+--------------------------------------------------------+
; Parameter Settings for User Entity Instance: sad_bo:V1 ;
+----------------+-------+-------------------------------+
; Parameter Name ; Value ; Type                          ;
+----------------+-------+-------------------------------+
; X              ; 14    ; Signed Integer                ;
; N              ; 8     ; Signed Integer                ;
+----------------+-------+-------------------------------+
Note: In order to hide this table in the UI and the text report file, please set the "Show Parameter Settings in Synthesis Report" option in "Analysis and Synthesis Settings -> More Settings" to "Off".


+------------------------------------------------------------------------+
; Parameter Settings for User Entity Instance: sad_bo:V1|registrador:pA1 ;
+----------------+-------+-----------------------------------------------+
; Parameter Name ; Value ; Type                                          ;
+----------------+-------+-----------------------------------------------+
; n              ; 8     ; Signed Integer                                ;
+----------------+-------+-----------------------------------------------+
Note: In order to hide this table in the UI and the text report file, please set the "Show Parameter Settings in Synthesis Report" option in "Analysis and Synthesis Settings -> More Settings" to "Off".


+------------------------------------------------------------------------+
; Parameter Settings for User Entity Instance: sad_bo:V1|registrador:pA2 ;
+----------------+-------+-----------------------------------------------+
; Parameter Name ; Value ; Type                                          ;
+----------------+-------+-----------------------------------------------+
; n              ; 8     ; Signed Integer                                ;
+----------------+-------+-----------------------------------------------+
Note: In order to hide this table in the UI and the text report file, please set the "Show Parameter Settings in Synthesis Report" option in "Analysis and Synthesis Settings -> More Settings" to "Off".


+------------------------------------------------------------------------+
; Parameter Settings for User Entity Instance: sad_bo:V1|registrador:pA3 ;
+----------------+-------+-----------------------------------------------+
; Parameter Name ; Value ; Type                                          ;
+----------------+-------+-----------------------------------------------+
; n              ; 8     ; Signed Integer                                ;
+----------------+-------+-----------------------------------------------+
Note: In order to hide this table in the UI and the text report file, please set the "Show Parameter Settings in Synthesis Report" option in "Analysis and Synthesis Settings -> More Settings" to "Off".


+------------------------------------------------------------------------+
; Parameter Settings for User Entity Instance: sad_bo:V1|registrador:pA4 ;
+----------------+-------+-----------------------------------------------+
; Parameter Name ; Value ; Type                                          ;
+----------------+-------+-----------------------------------------------+
; n              ; 8     ; Signed Integer                                ;
+----------------+-------+-----------------------------------------------+
Note: In order to hide this table in the UI and the text report file, please set the "Show Parameter Settings in Synthesis Report" option in "Analysis and Synthesis Settings -> More Settings" to "Off".


+------------------------------------------------------------------------+
; Parameter Settings for User Entity Instance: sad_bo:V1|registrador:pB1 ;
+----------------+-------+-----------------------------------------------+
; Parameter Name ; Value ; Type                                          ;
+----------------+-------+-----------------------------------------------+
; n              ; 8     ; Signed Integer                                ;
+----------------+-------+-----------------------------------------------+
Note: In order to hide this table in the UI and the text report file, please set the "Show Parameter Settings in Synthesis Report" option in "Analysis and Synthesis Settings -> More Settings" to "Off".


+------------------------------------------------------------------------+
; Parameter Settings for User Entity Instance: sad_bo:V1|registrador:pB2 ;
+----------------+-------+-----------------------------------------------+
; Parameter Name ; Value ; Type                                          ;
+----------------+-------+-----------------------------------------------+
; n              ; 8     ; Signed Integer                                ;
+----------------+-------+-----------------------------------------------+
Note: In order to hide this table in the UI and the text report file, please set the "Show Parameter Settings in Synthesis Report" option in "Analysis and Synthesis Settings -> More Settings" to "Off".


+------------------------------------------------------------------------+
; Parameter Settings for User Entity Instance: sad_bo:V1|registrador:pB3 ;
+----------------+-------+-----------------------------------------------+
; Parameter Name ; Value ; Type                                          ;
+----------------+-------+-----------------------------------------------+
; n              ; 8     ; Signed Integer                                ;
+----------------+-------+-----------------------------------------------+
Note: In order to hide this table in the UI and the text report file, please set the "Show Parameter Settings in Synthesis Report" option in "Analysis and Synthesis Settings -> More Settings" to "Off".


+------------------------------------------------------------------------+
; Parameter Settings for User Entity Instance: sad_bo:V1|registrador:pB4 ;
+----------------+-------+-----------------------------------------------+
; Parameter Name ; Value ; Type                                          ;
+----------------+-------+-----------------------------------------------+
; n              ; 8     ; Signed Integer                                ;
+----------------+-------+-----------------------------------------------+
Note: In order to hide this table in the UI and the text report file, please set the "Show Parameter Settings in Synthesis Report" option in "Analysis and Synthesis Settings -> More Settings" to "Off".


+----------------------------------------------------------------------------+
; Parameter Settings for User Entity Instance: sad_bo:V1|subtratornbits:sub1 ;
+----------------+-------+---------------------------------------------------+
; Parameter Name ; Value ; Type                                              ;
+----------------+-------+---------------------------------------------------+
; n              ; 8     ; Signed Integer                                    ;
+----------------+-------+---------------------------------------------------+
Note: In order to hide this table in the UI and the text report file, please set the "Show Parameter Settings in Synthesis Report" option in "Analysis and Synthesis Settings -> More Settings" to "Off".


+----------------------------------------------------------------------------+
; Parameter Settings for User Entity Instance: sad_bo:V1|subtratornbits:sub2 ;
+----------------+-------+---------------------------------------------------+
; Parameter Name ; Value ; Type                                              ;
+----------------+-------+---------------------------------------------------+
; n              ; 8     ; Signed Integer                                    ;
+----------------+-------+---------------------------------------------------+
Note: In order to hide this table in the UI and the text report file, please set the "Show Parameter Settings in Synthesis Report" option in "Analysis and Synthesis Settings -> More Settings" to "Off".


+----------------------------------------------------------------------------+
; Parameter Settings for User Entity Instance: sad_bo:V1|subtratornbits:sub3 ;
+----------------+-------+---------------------------------------------------+
; Parameter Name ; Value ; Type                                              ;
+----------------+-------+---------------------------------------------------+
; n              ; 8     ; Signed Integer                                    ;
+----------------+-------+---------------------------------------------------+
Note: In order to hide this table in the UI and the text report file, please set the "Show Parameter Settings in Synthesis Report" option in "Analysis and Synthesis Settings -> More Settings" to "Off".


+----------------------------------------------------------------------------+
; Parameter Settings for User Entity Instance: sad_bo:V1|subtratornbits:sub4 ;
+----------------+-------+---------------------------------------------------+
; Parameter Name ; Value ; Type                                              ;
+----------------+-------+---------------------------------------------------+
; n              ; 8     ; Signed Integer                                    ;
+----------------+-------+---------------------------------------------------+
Note: In order to hide this table in the UI and the text report file, please set the "Show Parameter Settings in Synthesis Report" option in "Analysis and Synthesis Settings -> More Settings" to "Off".


+--------------------------------------------------------------------+
; Parameter Settings for User Entity Instance: sad_bo:V1|abst:absto1 ;
+----------------+-------+-------------------------------------------+
; Parameter Name ; Value ; Type                                      ;
+----------------+-------+-------------------------------------------+
; n              ; 8     ; Signed Integer                            ;
+----------------+-------+-------------------------------------------+
Note: In order to hide this table in the UI and the text report file, please set the "Show Parameter Settings in Synthesis Report" option in "Analysis and Synthesis Settings -> More Settings" to "Off".


+--------------------------------------------------------------------+
; Parameter Settings for User Entity Instance: sad_bo:V1|abst:absto2 ;
+----------------+-------+-------------------------------------------+
; Parameter Name ; Value ; Type                                      ;
+----------------+-------+-------------------------------------------+
; n              ; 8     ; Signed Integer                            ;
+----------------+-------+-------------------------------------------+
Note: In order to hide this table in the UI and the text report file, please set the "Show Parameter Settings in Synthesis Report" option in "Analysis and Synthesis Settings -> More Settings" to "Off".


+--------------------------------------------------------------------+
; Parameter Settings for User Entity Instance: sad_bo:V1|abst:absto3 ;
+----------------+-------+-------------------------------------------+
; Parameter Name ; Value ; Type                                      ;
+----------------+-------+-------------------------------------------+
; n              ; 8     ; Signed Integer                            ;
+----------------+-------+-------------------------------------------+
Note: In order to hide this table in the UI and the text report file, please set the "Show Parameter Settings in Synthesis Report" option in "Analysis and Synthesis Settings -> More Settings" to "Off".


+--------------------------------------------------------------------+
; Parameter Settings for User Entity Instance: sad_bo:V1|abst:absto4 ;
+----------------+-------+-------------------------------------------+
; Parameter Name ; Value ; Type                                      ;
+----------------+-------+-------------------------------------------+
; n              ; 8     ; Signed Integer                            ;
+----------------+-------+-------------------------------------------+
Note: In order to hide this table in the UI and the text report file, please set the "Show Parameter Settings in Synthesis Report" option in "Analysis and Synthesis Settings -> More Settings" to "Off".


+--------------------------------------------------------------------------+
; Parameter Settings for User Entity Instance: sad_bo:V1|somadornbits:som1 ;
+----------------+-------+-------------------------------------------------+
; Parameter Name ; Value ; Type                                            ;
+----------------+-------+-------------------------------------------------+
; n              ; 8     ; Signed Integer                                  ;
+----------------+-------+-------------------------------------------------+
Note: In order to hide this table in the UI and the text report file, please set the "Show Parameter Settings in Synthesis Report" option in "Analysis and Synthesis Settings -> More Settings" to "Off".


+---------------------------------------------------------------------------+
; Parameter Settings for User Entity Instance: sad_bo:V1|somadornbits:som12 ;
+----------------+-------+--------------------------------------------------+
; Parameter Name ; Value ; Type                                             ;
+----------------+-------+--------------------------------------------------+
; n              ; 8     ; Signed Integer                                   ;
+----------------+-------+--------------------------------------------------+
Note: In order to hide this table in the UI and the text report file, please set the "Show Parameter Settings in Synthesis Report" option in "Analysis and Synthesis Settings -> More Settings" to "Off".


+--------------------------------------------------------------------------+
; Parameter Settings for User Entity Instance: sad_bo:V1|somadornbits:som3 ;
+----------------+-------+-------------------------------------------------+
; Parameter Name ; Value ; Type                                            ;
+----------------+-------+-------------------------------------------------+
; n              ; 9     ; Signed Integer                                  ;
+----------------+-------+-------------------------------------------------+
Note: In order to hide this table in the UI and the text report file, please set the "Show Parameter Settings in Synthesis Report" option in "Analysis and Synthesis Settings -> More Settings" to "Off".


+--------------------------------------------------------------------------+
; Parameter Settings for User Entity Instance: sad_bo:V1|somadornbits:som4 ;
+----------------+-------+-------------------------------------------------+
; Parameter Name ; Value ; Type                                            ;
+----------------+-------+-------------------------------------------------+
; n              ; 14    ; Signed Integer                                  ;
+----------------+-------+-------------------------------------------------+
Note: In order to hide this table in the UI and the text report file, please set the "Show Parameter Settings in Synthesis Report" option in "Analysis and Synthesis Settings -> More Settings" to "Off".


+-----------------------------------------------------------------------+
; Parameter Settings for User Entity Instance: sad_bo:V1|mux2para1:mux1 ;
+----------------+-------+----------------------------------------------+
; Parameter Name ; Value ; Type                                         ;
+----------------+-------+----------------------------------------------+
; n              ; 14    ; Signed Integer                               ;
+----------------+-------+----------------------------------------------+
Note: In order to hide this table in the UI and the text report file, please set the "Show Parameter Settings in Synthesis Report" option in "Analysis and Synthesis Settings -> More Settings" to "Off".


+-------------------------------------------------------------------------+
; Parameter Settings for User Entity Instance: sad_bo:V1|registrador:soma ;
+----------------+-------+------------------------------------------------+
; Parameter Name ; Value ; Type                                           ;
+----------------+-------+------------------------------------------------+
; n              ; 14    ; Signed Integer                                 ;
+----------------+-------+------------------------------------------------+
Note: In order to hide this table in the UI and the text report file, please set the "Show Parameter Settings in Synthesis Report" option in "Analysis and Synthesis Settings -> More Settings" to "Off".


+----------------------------------------------------------------------------+
; Parameter Settings for User Entity Instance: sad_bo:V1|registrador:SAD_reg ;
+----------------+-------+---------------------------------------------------+
; Parameter Name ; Value ; Type                                              ;
+----------------+-------+---------------------------------------------------+
; n              ; 14    ; Signed Integer                                    ;
+----------------+-------+---------------------------------------------------+
Note: In order to hide this table in the UI and the text report file, please set the "Show Parameter Settings in Synthesis Report" option in "Analysis and Synthesis Settings -> More Settings" to "Off".


+-----------------------------------------------------------------------+
; Parameter Settings for User Entity Instance: sad_bo:V1|mux2para1:mux2 ;
+----------------+-------+----------------------------------------------+
; Parameter Name ; Value ; Type                                         ;
+----------------+-------+----------------------------------------------+
; n              ; 5     ; Signed Integer                               ;
+----------------+-------+----------------------------------------------+
Note: In order to hide this table in the UI and the text report file, please set the "Show Parameter Settings in Synthesis Report" option in "Analysis and Synthesis Settings -> More Settings" to "Off".


+-------------------------------------------------------------------------+
; Parameter Settings for User Entity Instance: sad_bo:V1|registrador:regi ;
+----------------+-------+------------------------------------------------+
; Parameter Name ; Value ; Type                                           ;
+----------------+-------+------------------------------------------------+
; n              ; 5     ; Signed Integer                                 ;
+----------------+-------+------------------------------------------------+
Note: In order to hide this table in the UI and the text report file, please set the "Show Parameter Settings in Synthesis Report" option in "Analysis and Synthesis Settings -> More Settings" to "Off".


+--------------------------------------------------------------------------+
; Parameter Settings for User Entity Instance: sad_bo:V1|somadornbits:som2 ;
+----------------+-------+-------------------------------------------------+
; Parameter Name ; Value ; Type                                            ;
+----------------+-------+-------------------------------------------------+
; n              ; 4     ; Signed Integer                                  ;
+----------------+-------+-------------------------------------------------+
Note: In order to hide this table in the UI and the text report file, please set the "Show Parameter Settings in Synthesis Report" option in "Analysis and Synthesis Settings -> More Settings" to "Off".


+--------------------------------------------------------+
; Parameter Settings for User Entity Instance: sad_bc:V2 ;
+----------------+-------+-------------------------------+
; Parameter Name ; Value ; Type                          ;
+----------------+-------+-------------------------------+
; B              ; 32    ; Signed Integer                ;
; N              ; 16    ; Signed Integer                ;
; P              ; 4     ; Signed Integer                ;
+----------------+-------+-------------------------------+
Note: In order to hide this table in the UI and the text report file, please set the "Show Parameter Settings in Synthesis Report" option in "Analysis and Synthesis Settings -> More Settings" to "Off".


+-------------------------------------------------------------------------------------------+
; Port Connectivity Checks: "sad_bo:V1|somadornbits:som2|somador1bit:\scs:3:sc_internal:sc" ;
+------+-------+----------+-----------------------------------------------------------------+
; Port ; Type  ; Severity ; Details                                                         ;
+------+-------+----------+-----------------------------------------------------------------+
; cin  ; Input ; Info     ; Stuck at GND                                                    ;
+------+-------+----------+-----------------------------------------------------------------+


+-------------------------------------------------------------------------------------------+
; Port Connectivity Checks: "sad_bo:V1|somadornbits:som2|somador1bit:\scs:2:sc_internal:sc" ;
+------+-------+----------+-----------------------------------------------------------------+
; Port ; Type  ; Severity ; Details                                                         ;
+------+-------+----------+-----------------------------------------------------------------+
; cin  ; Input ; Info     ; Stuck at GND                                                    ;
+------+-------+----------+-----------------------------------------------------------------+


+---------------------------------------------------------+
; Port Connectivity Checks: "sad_bo:V1|somadornbits:som2" ;
+---------+-------+----------+----------------------------+
; Port    ; Type  ; Severity ; Details                    ;
+---------+-------+----------+----------------------------+
; cin     ; Input ; Info     ; Stuck at GND               ;
; b[3..1] ; Input ; Info     ; Stuck at GND               ;
; b[0]    ; Input ; Info     ; Stuck at VCC               ;
+---------+-------+----------+----------------------------+


+----------------------------------------------------------------------------------------------------------------+
; Port Connectivity Checks: "sad_bo:V1|registrador:regi"                                                         ;
+------+--------+----------+-------------------------------------------------------------------------------------+
; Port ; Type   ; Severity ; Details                                                                             ;
+------+--------+----------+-------------------------------------------------------------------------------------+
; q[4] ; Output ; Info     ; Connected to dangling logic. Logic that only feeds a dangling port will be removed. ;
+------+--------+----------+-------------------------------------------------------------------------------------+


+------------------------------------------------------+
; Port Connectivity Checks: "sad_bo:V1|mux2para1:mux2" ;
+------+-------+----------+----------------------------+
; Port ; Type  ; Severity ; Details                    ;
+------+-------+----------+----------------------------+
; b    ; Input ; Info     ; Stuck at GND               ;
+------+-------+----------+----------------------------+


+----------------------------------------------------------------------------------------------------------------+
; Port Connectivity Checks: "sad_bo:V1|registrador:SAD_reg"                                                      ;
+------+--------+----------+-------------------------------------------------------------------------------------+
; Port ; Type   ; Severity ; Details                                                                             ;
+------+--------+----------+-------------------------------------------------------------------------------------+
; q    ; Output ; Info     ; Connected to dangling logic. Logic that only feeds a dangling port will be removed. ;
+------+--------+----------+-------------------------------------------------------------------------------------+


+------------------------------------------------------+
; Port Connectivity Checks: "sad_bo:V1|mux2para1:mux1" ;
+------+-------+----------+----------------------------+
; Port ; Type  ; Severity ; Details                    ;
+------+-------+----------+----------------------------+
; b    ; Input ; Info     ; Stuck at GND               ;
+------+-------+----------+----------------------------+


+--------------------------------------------------------------------------------------------+
; Port Connectivity Checks: "sad_bo:V1|somadornbits:som4|somador1bit:\scs:13:sc_internal:sc" ;
+------+-------+----------+------------------------------------------------------------------+
; Port ; Type  ; Severity ; Details                                                          ;
+------+-------+----------+------------------------------------------------------------------+
; cin  ; Input ; Info     ; Stuck at GND                                                     ;
+------+-------+----------+------------------------------------------------------------------+


+--------------------------------------------------------------------------------------------+
; Port Connectivity Checks: "sad_bo:V1|somadornbits:som4|somador1bit:\scs:12:sc_internal:sc" ;
+------+-------+----------+------------------------------------------------------------------+
; Port ; Type  ; Severity ; Details                                                          ;
+------+-------+----------+------------------------------------------------------------------+
; cin  ; Input ; Info     ; Stuck at GND                                                     ;
+------+-------+----------+------------------------------------------------------------------+


+--------------------------------------------------------------------------------------------+
; Port Connectivity Checks: "sad_bo:V1|somadornbits:som4|somador1bit:\scs:11:sc_internal:sc" ;
+------+-------+----------+------------------------------------------------------------------+
; Port ; Type  ; Severity ; Details                                                          ;
+------+-------+----------+------------------------------------------------------------------+
; cin  ; Input ; Info     ; Stuck at GND                                                     ;
+------+-------+----------+------------------------------------------------------------------+


+--------------------------------------------------------------------------------------------+
; Port Connectivity Checks: "sad_bo:V1|somadornbits:som4|somador1bit:\scs:10:sc_internal:sc" ;
+------+-------+----------+------------------------------------------------------------------+
; Port ; Type  ; Severity ; Details                                                          ;
+------+-------+----------+------------------------------------------------------------------+
; cin  ; Input ; Info     ; Stuck at GND                                                     ;
+------+-------+----------+------------------------------------------------------------------+


+-------------------------------------------------------------------------------------------+
; Port Connectivity Checks: "sad_bo:V1|somadornbits:som4|somador1bit:\scs:9:sc_internal:sc" ;
+------+-------+----------+-----------------------------------------------------------------+
; Port ; Type  ; Severity ; Details                                                         ;
+------+-------+----------+-----------------------------------------------------------------+
; cin  ; Input ; Info     ; Stuck at GND                                                    ;
+------+-------+----------+-----------------------------------------------------------------+


+-------------------------------------------------------------------------------------------+
; Port Connectivity Checks: "sad_bo:V1|somadornbits:som4|somador1bit:\scs:8:sc_internal:sc" ;
+------+-------+----------+-----------------------------------------------------------------+
; Port ; Type  ; Severity ; Details                                                         ;
+------+-------+----------+-----------------------------------------------------------------+
; cin  ; Input ; Info     ; Stuck at GND                                                    ;
+------+-------+----------+-----------------------------------------------------------------+


+-------------------------------------------------------------------------------------------+
; Port Connectivity Checks: "sad_bo:V1|somadornbits:som4|somador1bit:\scs:7:sc_internal:sc" ;
+------+-------+----------+-----------------------------------------------------------------+
; Port ; Type  ; Severity ; Details                                                         ;
+------+-------+----------+-----------------------------------------------------------------+
; cin  ; Input ; Info     ; Stuck at GND                                                    ;
+------+-------+----------+-----------------------------------------------------------------+


+-------------------------------------------------------------------------------------------+
; Port Connectivity Checks: "sad_bo:V1|somadornbits:som4|somador1bit:\scs:6:sc_internal:sc" ;
+------+-------+----------+-----------------------------------------------------------------+
; Port ; Type  ; Severity ; Details                                                         ;
+------+-------+----------+-----------------------------------------------------------------+
; cin  ; Input ; Info     ; Stuck at GND                                                    ;
+------+-------+----------+-----------------------------------------------------------------+


+-------------------------------------------------------------------------------------------+
; Port Connectivity Checks: "sad_bo:V1|somadornbits:som4|somador1bit:\scs:5:sc_internal:sc" ;
+------+-------+----------+-----------------------------------------------------------------+
; Port ; Type  ; Severity ; Details                                                         ;
+------+-------+----------+-----------------------------------------------------------------+
; cin  ; Input ; Info     ; Stuck at GND                                                    ;
+------+-------+----------+-----------------------------------------------------------------+


+-------------------------------------------------------------------------------------------+
; Port Connectivity Checks: "sad_bo:V1|somadornbits:som4|somador1bit:\scs:4:sc_internal:sc" ;
+------+-------+----------+-----------------------------------------------------------------+
; Port ; Type  ; Severity ; Details                                                         ;
+------+-------+----------+-----------------------------------------------------------------+
; cin  ; Input ; Info     ; Stuck at GND                                                    ;
+------+-------+----------+-----------------------------------------------------------------+


+-------------------------------------------------------------------------------------------+
; Port Connectivity Checks: "sad_bo:V1|somadornbits:som4|somador1bit:\scs:3:sc_internal:sc" ;
+------+-------+----------+-----------------------------------------------------------------+
; Port ; Type  ; Severity ; Details                                                         ;
+------+-------+----------+-----------------------------------------------------------------+
; cin  ; Input ; Info     ; Stuck at GND                                                    ;
+------+-------+----------+-----------------------------------------------------------------+


+-------------------------------------------------------------------------------------------+
; Port Connectivity Checks: "sad_bo:V1|somadornbits:som4|somador1bit:\scs:2:sc_internal:sc" ;
+------+-------+----------+-----------------------------------------------------------------+
; Port ; Type  ; Severity ; Details                                                         ;
+------+-------+----------+-----------------------------------------------------------------+
; cin  ; Input ; Info     ; Stuck at GND                                                    ;
+------+-------+----------+-----------------------------------------------------------------+


+---------------------------------------------------------------------------------------------------------------------+
; Port Connectivity Checks: "sad_bo:V1|somadornbits:som4"                                                             ;
+-----------+--------+----------+-------------------------------------------------------------------------------------+
; Port      ; Type   ; Severity ; Details                                                                             ;
+-----------+--------+----------+-------------------------------------------------------------------------------------+
; cin       ; Input  ; Info     ; Stuck at GND                                                                        ;
; b[13..10] ; Input  ; Info     ; Stuck at GND                                                                        ;
; s[14]     ; Output ; Info     ; Connected to dangling logic. Logic that only feeds a dangling port will be removed. ;
+-----------+--------+----------+-------------------------------------------------------------------------------------+


+-------------------------------------------------------------------------------------------+
; Port Connectivity Checks: "sad_bo:V1|somadornbits:som3|somador1bit:\scs:8:sc_internal:sc" ;
+------+-------+----------+-----------------------------------------------------------------+
; Port ; Type  ; Severity ; Details                                                         ;
+------+-------+----------+-----------------------------------------------------------------+
; cin  ; Input ; Info     ; Stuck at GND                                                    ;
+------+-------+----------+-----------------------------------------------------------------+


+-------------------------------------------------------------------------------------------+
; Port Connectivity Checks: "sad_bo:V1|somadornbits:som3|somador1bit:\scs:7:sc_internal:sc" ;
+------+-------+----------+-----------------------------------------------------------------+
; Port ; Type  ; Severity ; Details                                                         ;
+------+-------+----------+-----------------------------------------------------------------+
; cin  ; Input ; Info     ; Stuck at GND                                                    ;
+------+-------+----------+-----------------------------------------------------------------+


+-------------------------------------------------------------------------------------------+
; Port Connectivity Checks: "sad_bo:V1|somadornbits:som3|somador1bit:\scs:6:sc_internal:sc" ;
+------+-------+----------+-----------------------------------------------------------------+
; Port ; Type  ; Severity ; Details                                                         ;
+------+-------+----------+-----------------------------------------------------------------+
; cin  ; Input ; Info     ; Stuck at GND                                                    ;
+------+-------+----------+-----------------------------------------------------------------+


+-------------------------------------------------------------------------------------------+
; Port Connectivity Checks: "sad_bo:V1|somadornbits:som3|somador1bit:\scs:5:sc_internal:sc" ;
+------+-------+----------+-----------------------------------------------------------------+
; Port ; Type  ; Severity ; Details                                                         ;
+------+-------+----------+-----------------------------------------------------------------+
; cin  ; Input ; Info     ; Stuck at GND                                                    ;
+------+-------+----------+-----------------------------------------------------------------+


+-------------------------------------------------------------------------------------------+
; Port Connectivity Checks: "sad_bo:V1|somadornbits:som3|somador1bit:\scs:4:sc_internal:sc" ;
+------+-------+----------+-----------------------------------------------------------------+
; Port ; Type  ; Severity ; Details                                                         ;
+------+-------+----------+-----------------------------------------------------------------+
; cin  ; Input ; Info     ; Stuck at GND                                                    ;
+------+-------+----------+-----------------------------------------------------------------+


+-------------------------------------------------------------------------------------------+
; Port Connectivity Checks: "sad_bo:V1|somadornbits:som3|somador1bit:\scs:3:sc_internal:sc" ;
+------+-------+----------+-----------------------------------------------------------------+
; Port ; Type  ; Severity ; Details                                                         ;
+------+-------+----------+-----------------------------------------------------------------+
; cin  ; Input ; Info     ; Stuck at GND                                                    ;
+------+-------+----------+-----------------------------------------------------------------+


+-------------------------------------------------------------------------------------------+
; Port Connectivity Checks: "sad_bo:V1|somadornbits:som3|somador1bit:\scs:2:sc_internal:sc" ;
+------+-------+----------+-----------------------------------------------------------------+
; Port ; Type  ; Severity ; Details                                                         ;
+------+-------+----------+-----------------------------------------------------------------+
; cin  ; Input ; Info     ; Stuck at GND                                                    ;
+------+-------+----------+-----------------------------------------------------------------+


+---------------------------------------------------------+
; Port Connectivity Checks: "sad_bo:V1|somadornbits:som3" ;
+------+-------+----------+-------------------------------+
; Port ; Type  ; Severity ; Details                       ;
+------+-------+----------+-------------------------------+
; cin  ; Input ; Info     ; Stuck at GND                  ;
+------+-------+----------+-------------------------------+


+----------------------------------------------------------+
; Port Connectivity Checks: "sad_bo:V1|somadornbits:som12" ;
+------+-------+----------+--------------------------------+
; Port ; Type  ; Severity ; Details                        ;
+------+-------+----------+--------------------------------+
; cin  ; Input ; Info     ; Stuck at GND                   ;
+------+-------+----------+--------------------------------+


+-------------------------------------------------------------------------------------------+
; Port Connectivity Checks: "sad_bo:V1|somadornbits:som1|somador1bit:\scs:7:sc_internal:sc" ;
+------+-------+----------+-----------------------------------------------------------------+
; Port ; Type  ; Severity ; Details                                                         ;
+------+-------+----------+-----------------------------------------------------------------+
; cin  ; Input ; Info     ; Stuck at GND                                                    ;
+------+-------+----------+-----------------------------------------------------------------+


+-------------------------------------------------------------------------------------------+
; Port Connectivity Checks: "sad_bo:V1|somadornbits:som1|somador1bit:\scs:6:sc_internal:sc" ;
+------+-------+----------+-----------------------------------------------------------------+
; Port ; Type  ; Severity ; Details                                                         ;
+------+-------+----------+-----------------------------------------------------------------+
; cin  ; Input ; Info     ; Stuck at GND                                                    ;
+------+-------+----------+-----------------------------------------------------------------+


+-------------------------------------------------------------------------------------------+
; Port Connectivity Checks: "sad_bo:V1|somadornbits:som1|somador1bit:\scs:5:sc_internal:sc" ;
+------+-------+----------+-----------------------------------------------------------------+
; Port ; Type  ; Severity ; Details                                                         ;
+------+-------+----------+-----------------------------------------------------------------+
; cin  ; Input ; Info     ; Stuck at GND                                                    ;
+------+-------+----------+-----------------------------------------------------------------+


+-------------------------------------------------------------------------------------------+
; Port Connectivity Checks: "sad_bo:V1|somadornbits:som1|somador1bit:\scs:4:sc_internal:sc" ;
+------+-------+----------+-----------------------------------------------------------------+
; Port ; Type  ; Severity ; Details                                                         ;
+------+-------+----------+-----------------------------------------------------------------+
; cin  ; Input ; Info     ; Stuck at GND                                                    ;
+------+-------+----------+-----------------------------------------------------------------+


+-------------------------------------------------------------------------------------------+
; Port Connectivity Checks: "sad_bo:V1|somadornbits:som1|somador1bit:\scs:3:sc_internal:sc" ;
+------+-------+----------+-----------------------------------------------------------------+
; Port ; Type  ; Severity ; Details                                                         ;
+------+-------+----------+-----------------------------------------------------------------+
; cin  ; Input ; Info     ; Stuck at GND                                                    ;
+------+-------+----------+-----------------------------------------------------------------+


+-------------------------------------------------------------------------------------------+
; Port Connectivity Checks: "sad_bo:V1|somadornbits:som1|somador1bit:\scs:2:sc_internal:sc" ;
+------+-------+----------+-----------------------------------------------------------------+
; Port ; Type  ; Severity ; Details                                                         ;
+------+-------+----------+-----------------------------------------------------------------+
; cin  ; Input ; Info     ; Stuck at GND                                                    ;
+------+-------+----------+-----------------------------------------------------------------+


+---------------------------------------------------------+
; Port Connectivity Checks: "sad_bo:V1|somadornbits:som1" ;
+------+-------+----------+-------------------------------+
; Port ; Type  ; Severity ; Details                       ;
+------+-------+----------+-------------------------------+
; cin  ; Input ; Info     ; Stuck at GND                  ;
+------+-------+----------+-------------------------------+


+-------------------------------+
; Elapsed Time Per Partition    ;
+----------------+--------------+
; Partition Name ; Elapsed Time ;
+----------------+--------------+
; Top            ; 00:00:00     ;
+----------------+--------------+


+-------------------------------+
; Analysis & Synthesis Messages ;
+-------------------------------+
Info: *******************************************************************
Info: Running Quartus II 64-Bit Analysis & Synthesis
    Info: Version 13.1.0 Build 162 10/23/2013 SJ Web Edition
    Info: Processing started: Thu May 16 20:16:45 2024
Info: Command: quartus_map --read_settings_files=on --write_settings_files=off sad_v3 -c sad_v3
Warning (20028): Parallel compilation is not licensed and has been disabled
Info (12021): Found 2 design units, including 1 entities, in source file topo.vhd
    Info (12022): Found design unit 1: Topo-arc
    Info (12023): Found entity 1: Topo
Info (12021): Found 2 design units, including 1 entities, in source file subtratornbits.vhd
    Info (12022): Found design unit 1: subtratornbits-rtl
    Info (12023): Found entity 1: subtratornbits
Info (12021): Found 2 design units, including 1 entities, in source file somadornbits.vhd
    Info (12022): Found design unit 1: somadornbits-comportamento
    Info (12023): Found entity 1: somadornbits
Info (12021): Found 2 design units, including 1 entities, in source file somador1bit.vhd
    Info (12022): Found design unit 1: somador1bit-comportamento
    Info (12023): Found entity 1: somador1bit
Info (12021): Found 2 design units, including 1 entities, in source file sad_bo.vhd
    Info (12022): Found design unit 1: sad_bo-arc
    Info (12023): Found entity 1: sad_bo
Info (12021): Found 2 design units, including 1 entities, in source file sad_bc.vhd
    Info (12022): Found design unit 1: sad_bc-arch
    Info (12023): Found entity 1: sad_bc
Info (12021): Found 2 design units, including 1 entities, in source file registrador.vhd
    Info (12022): Found design unit 1: registrador-comportamento
    Info (12023): Found entity 1: registrador
Info (12021): Found 2 design units, including 1 entities, in source file mux2para1.vhd
    Info (12022): Found design unit 1: mux2para1-comportamento
    Info (12023): Found entity 1: mux2para1
Info (12021): Found 2 design units, including 1 entities, in source file abst.vhd
    Info (12022): Found design unit 1: abst-comportamento
    Info (12023): Found entity 1: abst
Info (12127): Elaborating entity "topo" for the top level hierarchy
Info (12128): Elaborating entity "sad_bo" for hierarchy "sad_bo:V1"
Warning (10541): VHDL Signal Declaration warning at sad_bo.vhd(13): used implicit default value for signal "menor" because signal was never assigned a value or an explicit default value. Use of implicit default value may introduce unintended design optimizations.
Warning (10541): VHDL Signal Declaration warning at sad_bo.vhd(14): used implicit default value for signal "endi" because signal was never assigned a value or an explicit default value. Use of implicit default value may introduce unintended design optimizations.
Warning (10541): VHDL Signal Declaration warning at sad_bo.vhd(15): used implicit default value for signal "SAD" because signal was never assigned a value or an explicit default value. Use of implicit default value may introduce unintended design optimizations.
Warning (10036): Verilog HDL or VHDL warning at sad_bo.vhd(25): object "sig101" assigned a value but never read
Info (12128): Elaborating entity "registrador" for hierarchy "sad_bo:V1|registrador:pA1"
Info (12128): Elaborating entity "subtratornbits" for hierarchy "sad_bo:V1|subtratornbits:sub1"
Info (12128): Elaborating entity "abst" for hierarchy "sad_bo:V1|abst:absto1"
Info (12128): Elaborating entity "somadornbits" for hierarchy "sad_bo:V1|somadornbits:som1"
Warning (10873): Using initial value X (don't care) for net "c[7..2]" at somadornbits.vhd(14)
Info (12128): Elaborating entity "somador1bit" for hierarchy "sad_bo:V1|somadornbits:som1|somador1bit:\scs:0:sc_internal:sc"
Info (12128): Elaborating entity "somadornbits" for hierarchy "sad_bo:V1|somadornbits:som3"
Warning (10873): Using initial value X (don't care) for net "c[8..2]" at somadornbits.vhd(14)
Info (12128): Elaborating entity "somadornbits" for hierarchy "sad_bo:V1|somadornbits:som4"
Warning (10873): Using initial value X (don't care) for net "c[13..2]" at somadornbits.vhd(14)
Info (12128): Elaborating entity "mux2para1" for hierarchy "sad_bo:V1|mux2para1:mux1"
Info (12128): Elaborating entity "registrador" for hierarchy "sad_bo:V1|registrador:soma"
Info (12128): Elaborating entity "mux2para1" for hierarchy "sad_bo:V1|mux2para1:mux2"
Info (12128): Elaborating entity "registrador" for hierarchy "sad_bo:V1|registrador:regi"
Info (12128): Elaborating entity "somadornbits" for hierarchy "sad_bo:V1|somadornbits:som2"
Warning (10873): Using initial value X (don't care) for net "c[3..2]" at somadornbits.vhd(14)
Info (12128): Elaborating entity "sad_bc" for hierarchy "sad_bc:V2"
Warning (10492): VHDL Process Statement warning at sad_bc.vhd(56): signal "enable" is read inside the Process Statement but isn't in the Process Statement's sensitivity list
Warning (10631): VHDL Process Statement warning at sad_bc.vhd(63): inferring latch(es) for signal or variable "read_mem", which holds its previous value in one or more paths through the process
Warning (10631): VHDL Process Statement warning at sad_bc.vhd(63): inferring latch(es) for signal or variable "done", which holds its previous value in one or more paths through the process
Warning (10631): VHDL Process Statement warning at sad_bc.vhd(63): inferring latch(es) for signal or variable "zi", which holds its previous value in one or more paths through the process
Warning (10631): VHDL Process Statement warning at sad_bc.vhd(63): inferring latch(es) for signal or variable "ci", which holds its previous value in one or more paths through the process
Warning (10631): VHDL Process Statement warning at sad_bc.vhd(63): inferring latch(es) for signal or variable "zsoma", which holds its previous value in one or more paths through the process
Warning (10631): VHDL Process Statement warning at sad_bc.vhd(63): inferring latch(es) for signal or variable "csoma", which holds its previous value in one or more paths through the process
Warning (10631): VHDL Process Statement warning at sad_bc.vhd(63): inferring latch(es) for signal or variable "cpA", which holds its previous value in one or more paths through the process
Warning (10631): VHDL Process Statement warning at sad_bc.vhd(63): inferring latch(es) for signal or variable "cpB", which holds its previous value in one or more paths through the process
Warning (10631): VHDL Process Statement warning at sad_bc.vhd(63): inferring latch(es) for signal or variable "csad_reg", which holds its previous value in one or more paths through the process
Info (10041): Inferred latch for "csad_reg" at sad_bc.vhd(63)
Info (10041): Inferred latch for "cpB" at sad_bc.vhd(63)
Info (10041): Inferred latch for "cpA" at sad_bc.vhd(63)
Info (10041): Inferred latch for "csoma" at sad_bc.vhd(63)
Info (10041): Inferred latch for "zsoma" at sad_bc.vhd(63)
Info (10041): Inferred latch for "ci" at sad_bc.vhd(63)
Info (10041): Inferred latch for "zi" at sad_bc.vhd(63)
Info (10041): Inferred latch for "done" at sad_bc.vhd(63)
Info (10041): Inferred latch for "read_mem" at sad_bc.vhd(63)
Warning (13012): Latch sad_bc:V2|done has unsafe behavior
    Warning (13013): Ports D and ENA on the latch are fed by the same signal sad_bc:V2|EA.S1
Warning (13024): Output pins are stuck at VCC or GND
    Warning (13410): Pin "SAD_saida[0]" is stuck at GND
    Warning (13410): Pin "SAD_saida[1]" is stuck at GND
    Warning (13410): Pin "SAD_saida[2]" is stuck at GND
    Warning (13410): Pin "SAD_saida[3]" is stuck at GND
    Warning (13410): Pin "SAD_saida[4]" is stuck at GND
    Warning (13410): Pin "SAD_saida[5]" is stuck at GND
    Warning (13410): Pin "SAD_saida[6]" is stuck at GND
    Warning (13410): Pin "SAD_saida[7]" is stuck at GND
    Warning (13410): Pin "end_sad[0]" is stuck at GND
    Warning (13410): Pin "end_sad[1]" is stuck at GND
    Warning (13410): Pin "end_sad[2]" is stuck at GND
    Warning (13410): Pin "end_sad[3]" is stuck at GND
    Warning (13410): Pin "read_sad" is stuck at GND
Info (286030): Timing-Driven Synthesis is running
Info (17049): 1 registers lost all their fanouts during netlist optimizations.
Info (16010): Generating hard_block partition "hard_block:auto_generated_inst"
    Info (16011): Adding 0 node(s), including 0 DDIO, 0 PLL, 0 transceiver and 0 LCELL
Warning (21074): Design contains 64 input pin(s) that do not drive logic
    Warning (15610): No output dependent on input pin "sample_ori[0]"
    Warning (15610): No output dependent on input pin "sample_ori[1]"
    Warning (15610): No output dependent on input pin "sample_ori[2]"
    Warning (15610): No output dependent on input pin "sample_ori[3]"
    Warning (15610): No output dependent on input pin "sample_ori[4]"
    Warning (15610): No output dependent on input pin "sample_ori[5]"
    Warning (15610): No output dependent on input pin "sample_ori[6]"
    Warning (15610): No output dependent on input pin "sample_ori[7]"
    Warning (15610): No output dependent on input pin "sample_ori[8]"
    Warning (15610): No output dependent on input pin "sample_ori[9]"
    Warning (15610): No output dependent on input pin "sample_ori[10]"
    Warning (15610): No output dependent on input pin "sample_ori[11]"
    Warning (15610): No output dependent on input pin "sample_ori[12]"
    Warning (15610): No output dependent on input pin "sample_ori[13]"
    Warning (15610): No output dependent on input pin "sample_ori[14]"
    Warning (15610): No output dependent on input pin "sample_ori[15]"
    Warning (15610): No output dependent on input pin "sample_ori[16]"
    Warning (15610): No output dependent on input pin "sample_ori[17]"
    Warning (15610): No output dependent on input pin "sample_ori[18]"
    Warning (15610): No output dependent on input pin "sample_ori[19]"
    Warning (15610): No output dependent on input pin "sample_ori[20]"
    Warning (15610): No output dependent on input pin "sample_ori[21]"
    Warning (15610): No output dependent on input pin "sample_ori[22]"
    Warning (15610): No output dependent on input pin "sample_ori[23]"
    Warning (15610): No output dependent on input pin "sample_ori[24]"
    Warning (15610): No output dependent on input pin "sample_ori[25]"
    Warning (15610): No output dependent on input pin "sample_ori[26]"
    Warning (15610): No output dependent on input pin "sample_ori[27]"
    Warning (15610): No output dependent on input pin "sample_ori[28]"
    Warning (15610): No output dependent on input pin "sample_ori[29]"
    Warning (15610): No output dependent on input pin "sample_ori[30]"
    Warning (15610): No output dependent on input pin "sample_ori[31]"
    Warning (15610): No output dependent on input pin "sample_can[0]"
    Warning (15610): No output dependent on input pin "sample_can[1]"
    Warning (15610): No output dependent on input pin "sample_can[2]"
    Warning (15610): No output dependent on input pin "sample_can[3]"
    Warning (15610): No output dependent on input pin "sample_can[4]"
    Warning (15610): No output dependent on input pin "sample_can[5]"
    Warning (15610): No output dependent on input pin "sample_can[6]"
    Warning (15610): No output dependent on input pin "sample_can[7]"
    Warning (15610): No output dependent on input pin "sample_can[8]"
    Warning (15610): No output dependent on input pin "sample_can[9]"
    Warning (15610): No output dependent on input pin "sample_can[10]"
    Warning (15610): No output dependent on input pin "sample_can[11]"
    Warning (15610): No output dependent on input pin "sample_can[12]"
    Warning (15610): No output dependent on input pin "sample_can[13]"
    Warning (15610): No output dependent on input pin "sample_can[14]"
    Warning (15610): No output dependent on input pin "sample_can[15]"
    Warning (15610): No output dependent on input pin "sample_can[16]"
    Warning (15610): No output dependent on input pin "sample_can[17]"
    Warning (15610): No output dependent on input pin "sample_can[18]"
    Warning (15610): No output dependent on input pin "sample_can[19]"
    Warning (15610): No output dependent on input pin "sample_can[20]"
    Warning (15610): No output dependent on input pin "sample_can[21]"
    Warning (15610): No output dependent on input pin "sample_can[22]"
    Warning (15610): No output dependent on input pin "sample_can[23]"
    Warning (15610): No output dependent on input pin "sample_can[24]"
    Warning (15610): No output dependent on input pin "sample_can[25]"
    Warning (15610): No output dependent on input pin "sample_can[26]"
    Warning (15610): No output dependent on input pin "sample_can[27]"
    Warning (15610): No output dependent on input pin "sample_can[28]"
    Warning (15610): No output dependent on input pin "sample_can[29]"
    Warning (15610): No output dependent on input pin "sample_can[30]"
    Warning (15610): No output dependent on input pin "sample_can[31]"
Info (21057): Implemented 88 device resources after synthesis - the final resource count might be different
    Info (21058): Implemented 67 input pins
    Info (21059): Implemented 14 output pins
    Info (21061): Implemented 7 logic cells
Info: Quartus II 64-Bit Analysis & Synthesis was successful. 0 errors, 100 warnings
    Info: Peak virtual memory: 4661 megabytes
    Info: Processing ended: Thu May 16 20:16:48 2024
    Info: Elapsed time: 00:00:03
    Info: Total CPU time (on all processors): 00:00:01


